[debug] [2021-01-17T21:59:13.899Z] ----------------------------------------------------------------------
[debug] [2021-01-17T21:59:13.907Z] Command:       C:\Program Files\nodejs\node.exe C:\Users\tpeddoju\AppData\Roaming\npm\node_modules\firebase-tools\lib\bin\firebase.js emulators:start
[debug] [2021-01-17T21:59:13.907Z] CLI Version:   9.2.1
[debug] [2021-01-17T21:59:13.907Z] Platform:      win32
[debug] [2021-01-17T21:59:13.907Z] Node Version:  v10.16.3
[debug] [2021-01-17T21:59:13.915Z] Time:          Mon Jan 18 2021 03:29:13 GMT+0530 (India Standard Time)
[debug] [2021-01-17T21:59:13.915Z] ----------------------------------------------------------------------
[debug] [2021-01-17T21:59:13.915Z] 
[debug] [2021-01-17T21:59:13.932Z] > command requires scopes: ["email","openid","https://www.googleapis.com/auth/cloudplatformprojects.readonly","https://www.googleapis.com/auth/firebase","https://www.googleapis.com/auth/cloud-platform"]
[debug] [2021-01-17T21:59:13.948Z] > authorizing via signed-in user
[info] i  emulators: Starting emulators: functions {"metadata":{"emulator":{"name":"hub"},"message":"Starting emulators: functions"}}
[debug] [2021-01-17T21:59:16.041Z] [hub] writing locator at C:\Users\tpeddoju\AppData\Local\Temp\hub-clone-d41cd.json
[warn] !  functions: The following emulators are not running, calls to these services from the Functions emulator will affect production: auth, firestore, database, hosting, pubsub {"metadata":{"emulator":{"name":"functions"},"message":"The following emulators are not running, calls to these services from the Functions emulator will affect production: \u001b[1mauth, firestore, database, hosting, pubsub\u001b[22m"}}
[warn] !  Your requested "node" version "12" doesn't match your global version "10" {"metadata":{"emulator":{"name":"functions"},"message":"Your requested \"node\" version \"12\" doesn't match your global version \"10\""}}
[debug] [2021-01-17T21:59:18.159Z] defaultcredentials: writing to file C:\Users\tpeddoju\AppData\Roaming\firebase\peddojupranavi_gmail_com_application_default_credentials.json
[debug] [2021-01-17T21:59:18.171Z] Setting GAC to C:\Users\tpeddoju\AppData\Roaming\firebase\peddojupranavi_gmail_com_application_default_credentials.json {"metadata":{"emulator":{"name":"functions"},"message":"Setting GAC to C:\\Users\\tpeddoju\\AppData\\Roaming\\firebase\\peddojupranavi_gmail_com_application_default_credentials.json"}}
[debug] [2021-01-17T21:59:18.187Z] > refreshing access token with scopes: []
[debug] [2021-01-17T21:59:18.191Z] >>> HTTP REQUEST POST https://www.googleapis.com/oauth2/v3/token  
 <request body omitted>
[debug] [2021-01-17T21:59:18.377Z] <<< HTTP RESPONSE 200 {"expires":"Mon, 01 Jan 1990 00:00:00 GMT","pragma":"no-cache","date":"Sun, 17 Jan 2021 21:59:18 GMT","cache-control":"no-cache, no-store, max-age=0, must-revalidate","content-type":"application/json; charset=utf-8","vary":"X-Origin, Referer, Origin,Accept-Encoding","server":"scaffolding on HTTPServer2","x-xss-protection":"0","x-frame-options":"SAMEORIGIN","x-content-type-options":"nosniff","alt-svc":"h3-29=\":443\"; ma=2592000,h3-T051=\":443\"; ma=2592000,h3-Q050=\":443\"; ma=2592000,h3-Q046=\":443\"; ma=2592000,h3-Q043=\":443\"; ma=2592000,quic=\":443\"; ma=2592000; v=\"46,43\"","accept-ranges":"none","transfer-encoding":"chunked"}
[debug] [2021-01-17T21:59:18.403Z] >>> [apiv2][query] GET https://firebase.googleapis.com/v1beta1/projects/clone-d41cd/adminSdkConfig [none]
[debug] [2021-01-17T21:59:19.036Z] <<< [apiv2][status] GET https://firebase.googleapis.com/v1beta1/projects/clone-d41cd/adminSdkConfig 200
[debug] [2021-01-17T21:59:19.036Z] <<< [apiv2][body] GET https://firebase.googleapis.com/v1beta1/projects/clone-d41cd/adminSdkConfig {"projectId":"clone-d41cd","storageBucket":"clone-d41cd.appspot.com","locationId":"us-central"}
[debug] [2021-01-17T21:59:23.168Z] Ignoring unsupported arg: auto_download {"metadata":{"emulator":{"name":"ui"},"message":"Ignoring unsupported arg: auto_download"}}
[debug] [2021-01-17T21:59:23.168Z] Ignoring unsupported arg: port {"metadata":{"emulator":{"name":"ui"},"message":"Ignoring unsupported arg: port"}}
[debug] [2021-01-17T21:59:23.168Z] Starting Emulator UI with command {"binary":"node","args":["C:\\Users\\tpeddoju\\.cache\\firebase\\emulators\\ui-v1.4.1\\server.bundle.js"],"optionalArgs":[],"joinArgs":false} {"metadata":{"emulator":{"name":"ui"},"message":"Starting Emulator UI with command {\"binary\":\"node\",\"args\":[\"C:\\\\Users\\\\tpeddoju\\\\.cache\\\\firebase\\\\emulators\\\\ui-v1.4.1\\\\server.bundle.js\"],\"optionalArgs\":[],\"joinArgs\":false}"}}
[info] i  ui: Emulator UI logging to ui-debug.log {"metadata":{"emulator":{"name":"ui"},"message":"Emulator UI logging to \u001b[1mui-debug.log\u001b[22m"}}
[debug] [2021-01-17T21:59:23.857Z] Web / API server started at http://localhost:4000
 {"metadata":{"emulator":{"name":"ui"},"message":"Web / API server started at http://localhost:4000\n"}}
[info] i  functions: Watching "C:\Users\tpeddoju\Desktop\React-Apps\amazon-clone\functions" for Cloud Functions... {"metadata":{"emulator":{"name":"functions"},"message":"Watching \"C:\\Users\\tpeddoju\\Desktop\\React-Apps\\amazon-clone\\functions\" for Cloud Functions..."}}
[debug] [2021-01-17T21:59:24.067Z] [worker-pool] addWorker(~diagnostic~) {"metadata":{"emulator":{"name":"functions"},"message":"[worker-pool] addWorker(~diagnostic~)"}}
[debug] [2021-01-17T21:59:24.067Z] [worker-pool] Adding worker with key ~diagnostic~, total=1 {"metadata":{"emulator":{"name":"functions"},"message":"[worker-pool] Adding worker with key ~diagnostic~, total=1"}}
[debug] [2021-01-17T21:59:24.067Z] [worker-pool] submitWork(triggerId=) {"metadata":{"emulator":{"name":"functions"},"message":"[worker-pool] submitWork(triggerId=)"}}
[debug] [2021-01-17T21:59:24.067Z] [worker-~diagnostic~-8fecfca1-b3ca-4729-bcaf-374e2c276b82]: Assigning socketPath: \\?\pipe\C:\Users\tpeddoju\Desktop\React-Apps\amazon-clone\functions\13768 {"metadata":{"emulator":{"name":"functions"},"message":"[worker-~diagnostic~-8fecfca1-b3ca-4729-bcaf-374e2c276b82]: Assigning socketPath: \\\\?\\pipe\\C:\\Users\\tpeddoju\\Desktop\\React-Apps\\amazon-clone\\functions\\13768"}}
[debug] [2021-01-17T21:59:24.067Z] [worker-~diagnostic~-8fecfca1-b3ca-4729-bcaf-374e2c276b82]: BUSY {"metadata":{"emulator":{"name":"functions"},"message":"[worker-~diagnostic~-8fecfca1-b3ca-4729-bcaf-374e2c276b82]: BUSY"}}
[debug] [2021-01-17T21:59:25.484Z] [runtime-status] [13768] Functions runtime initialized. {"cwd":"C:\\Users\\tpeddoju\\Desktop\\React-Apps\\amazon-clone\\functions","node_version":"10.16.3"} {"metadata":{"emulator":{"name":"functions"},"message":"[runtime-status] [13768] Functions runtime initialized. {\"cwd\":\"C:\\\\Users\\\\tpeddoju\\\\Desktop\\\\React-Apps\\\\amazon-clone\\\\functions\",\"node_version\":\"10.16.3\"}"}}
[debug] [2021-01-17T21:59:25.484Z] [runtime-status] [13768] Disabled runtime features: undefined {"metadata":{"emulator":{"name":"functions"},"message":"[runtime-status] [13768] Disabled runtime features: undefined"}}
[debug] [2021-01-17T21:59:25.524Z] [runtime-status] [13768] Resolved module firebase-admin {"declared":true,"installed":true,"version":"9.4.2","resolution":"C:\\Users\\tpeddoju\\Desktop\\React-Apps\\amazon-clone\\functions\\node_modules\\firebase-admin\\lib\\index.js"} {"metadata":{"emulator":{"name":"functions"},"message":"[runtime-status] [13768] Resolved module firebase-admin {\"declared\":true,\"installed\":true,\"version\":\"9.4.2\",\"resolution\":\"C:\\\\Users\\\\tpeddoju\\\\Desktop\\\\React-Apps\\\\amazon-clone\\\\functions\\\\node_modules\\\\firebase-admin\\\\lib\\\\index.js\"}"}}
[debug] [2021-01-17T21:59:25.551Z] [runtime-status] [13768] Resolved module firebase-functions {"declared":true,"installed":true,"version":"3.13.1","resolution":"C:\\Users\\tpeddoju\\Desktop\\React-Apps\\amazon-clone\\functions\\node_modules\\firebase-functions\\lib\\index.js"} {"metadata":{"emulator":{"name":"functions"},"message":"[runtime-status] [13768] Resolved module firebase-functions {\"declared\":true,\"installed\":true,\"version\":\"3.13.1\",\"resolution\":\"C:\\\\Users\\\\tpeddoju\\\\Desktop\\\\React-Apps\\\\amazon-clone\\\\functions\\\\node_modules\\\\firebase-functions\\\\lib\\\\index.js\"}"}}
[debug] [2021-01-17T21:59:25.559Z] [runtime-status] [13768] Resolved module firebase-functions {"declared":true,"installed":true,"version":"3.13.1","resolution":"C:\\Users\\tpeddoju\\Desktop\\React-Apps\\amazon-clone\\functions\\node_modules\\firebase-functions\\lib\\index.js"} {"metadata":{"emulator":{"name":"functions"},"message":"[runtime-status] [13768] Resolved module firebase-functions {\"declared\":true,\"installed\":true,\"version\":\"3.13.1\",\"resolution\":\"C:\\\\Users\\\\tpeddoju\\\\Desktop\\\\React-Apps\\\\amazon-clone\\\\functions\\\\node_modules\\\\firebase-functions\\\\lib\\\\index.js\"}"}}
[debug] [2021-01-17T21:59:25.567Z] [runtime-status] [13768] Outgoing network have been stubbed. [{"name":"http","status":"mocked"},{"name":"http","status":"mocked"},{"name":"https","status":"mocked"},{"name":"https","status":"mocked"},{"name":"net","status":"mocked"}] {"metadata":{"emulator":{"name":"functions"},"message":"[runtime-status] [13768] Outgoing network have been stubbed. [{\"name\":\"http\",\"status\":\"mocked\"},{\"name\":\"http\",\"status\":\"mocked\"},{\"name\":\"https\",\"status\":\"mocked\"},{\"name\":\"https\",\"status\":\"mocked\"},{\"name\":\"net\",\"status\":\"mocked\"}]"}}
[debug] [2021-01-17T21:59:25.567Z] [runtime-status] [13768] Resolved module firebase-functions {"declared":true,"installed":true,"version":"3.13.1","resolution":"C:\\Users\\tpeddoju\\Desktop\\React-Apps\\amazon-clone\\functions\\node_modules\\firebase-functions\\lib\\index.js"} {"metadata":{"emulator":{"name":"functions"},"message":"[runtime-status] [13768] Resolved module firebase-functions {\"declared\":true,\"installed\":true,\"version\":\"3.13.1\",\"resolution\":\"C:\\\\Users\\\\tpeddoju\\\\Desktop\\\\React-Apps\\\\amazon-clone\\\\functions\\\\node_modules\\\\firebase-functions\\\\lib\\\\index.js\"}"}}
[debug] [2021-01-17T21:59:25.891Z] [runtime-status] [13768] Checked functions.config() {"config":{}} {"metadata":{"emulator":{"name":"functions"},"message":"[runtime-status] [13768] Checked functions.config() {\"config\":{}}"}}
[debug] [2021-01-17T21:59:25.891Z] [runtime-status] [13768] firebase-functions has been stubbed. {"functionsResolution":{"declared":true,"installed":true,"version":"3.13.1","resolution":"C:\\Users\\tpeddoju\\Desktop\\React-Apps\\amazon-clone\\functions\\node_modules\\firebase-functions\\lib\\index.js"}} {"metadata":{"emulator":{"name":"functions"},"message":"[runtime-status] [13768] firebase-functions has been stubbed. {\"functionsResolution\":{\"declared\":true,\"installed\":true,\"version\":\"3.13.1\",\"resolution\":\"C:\\\\Users\\\\tpeddoju\\\\Desktop\\\\React-Apps\\\\amazon-clone\\\\functions\\\\node_modules\\\\firebase-functions\\\\lib\\\\index.js\"}}"}}
[debug] [2021-01-17T21:59:25.899Z] [runtime-status] [13768] Resolved module firebase-functions {"declared":true,"installed":true,"version":"3.13.1","resolution":"C:\\Users\\tpeddoju\\Desktop\\React-Apps\\amazon-clone\\functions\\node_modules\\firebase-functions\\lib\\index.js"} {"metadata":{"emulator":{"name":"functions"},"message":"[runtime-status] [13768] Resolved module firebase-functions {\"declared\":true,\"installed\":true,\"version\":\"3.13.1\",\"resolution\":\"C:\\\\Users\\\\tpeddoju\\\\Desktop\\\\React-Apps\\\\amazon-clone\\\\functions\\\\node_modules\\\\firebase-functions\\\\lib\\\\index.js\"}"}}
[debug] [2021-01-17T21:59:25.899Z] [runtime-status] [13768] Resolved module firebase-admin {"declared":true,"installed":true,"version":"9.4.2","resolution":"C:\\Users\\tpeddoju\\Desktop\\React-Apps\\amazon-clone\\functions\\node_modules\\firebase-admin\\lib\\index.js"} {"metadata":{"emulator":{"name":"functions"},"message":"[runtime-status] [13768] Resolved module firebase-admin {\"declared\":true,\"installed\":true,\"version\":\"9.4.2\",\"resolution\":\"C:\\\\Users\\\\tpeddoju\\\\Desktop\\\\React-Apps\\\\amazon-clone\\\\functions\\\\node_modules\\\\firebase-admin\\\\lib\\\\index.js\"}"}}
[debug] [2021-01-17T21:59:25.899Z] [runtime-status] [13768] Resolved module firebase-functions {"declared":true,"installed":true,"version":"3.13.1","resolution":"C:\\Users\\tpeddoju\\Desktop\\React-Apps\\amazon-clone\\functions\\node_modules\\firebase-functions\\lib\\index.js"} {"metadata":{"emulator":{"name":"functions"},"message":"[runtime-status] [13768] Resolved module firebase-functions {\"declared\":true,\"installed\":true,\"version\":\"3.13.1\",\"resolution\":\"C:\\\\Users\\\\tpeddoju\\\\Desktop\\\\React-Apps\\\\amazon-clone\\\\functions\\\\node_modules\\\\firebase-functions\\\\lib\\\\index.js\"}"}}
[debug] [2021-01-17T21:59:25.907Z] [runtime-status] [13768] firebase-admin has been stubbed. {"adminResolution":{"declared":true,"installed":true,"version":"9.4.2","resolution":"C:\\Users\\tpeddoju\\Desktop\\React-Apps\\amazon-clone\\functions\\node_modules\\firebase-admin\\lib\\index.js"}} {"metadata":{"emulator":{"name":"functions"},"message":"[runtime-status] [13768] firebase-admin has been stubbed. {\"adminResolution\":{\"declared\":true,\"installed\":true,\"version\":\"9.4.2\",\"resolution\":\"C:\\\\Users\\\\tpeddoju\\\\Desktop\\\\React-Apps\\\\amazon-clone\\\\functions\\\\node_modules\\\\firebase-admin\\\\lib\\\\index.js\"}}"}}
[info] +  functions[api]: http function initialized (http://localhost:5001/clone-d41cd/us-central1/api). {"metadata":{"emulator":{"name":"functions"},"message":"\u001b[1mhttp\u001b[22m function initialized (http://localhost:5001/clone-d41cd/us-central1/api)."}}
[info] 
┌─────────────────────────────────────────────────────────────┐
│ ✔  All emulators ready! It is now safe to connect your app. │
│ i  View Emulator UI at http://localhost:4000                │
└─────────────────────────────────────────────────────────────┘

┌───────────┬────────────────┬─────────────────────────────────┐
│ Emulator  │ Host:Port      │ View in Emulator UI             │
├───────────┼────────────────┼─────────────────────────────────┤
│ Functions │ localhost:5001 │ http://localhost:4000/functions │
└───────────┴────────────────┴─────────────────────────────────┘
  Emulator Hub running at localhost:4400
  Other reserved ports: 4500

Issues? Report them at https://github.com/firebase/firebase-tools/issues and attach the *-debug.log files.
 
[debug] [2021-01-17T21:59:27.456Z] [worker-~diagnostic~-8fecfca1-b3ca-4729-bcaf-374e2c276b82]: IDLE {"metadata":{"emulator":{"name":"functions"},"message":"[worker-~diagnostic~-8fecfca1-b3ca-4729-bcaf-374e2c276b82]: IDLE"}}
[debug] [2021-01-17T22:02:26.363Z] [work-queue] {"queueLength":1,"workRunningCount":0}
[debug] [2021-01-17T22:02:26.363Z] [work-queue] {"queueLength":0,"workRunningCount":1}
[debug] [2021-01-17T22:02:26.363Z] Accepted request POST /clone-d41cd/us-central1/api/payments/create?total=8789000 --> api
[debug] [2021-01-17T22:02:26.603Z] [worker-pool] addWorker(api) {"metadata":{"emulator":{"name":"functions"},"message":"[worker-pool] addWorker(api)"}}
[debug] [2021-01-17T22:02:26.603Z] [worker-pool] Adding worker with key api, total=1 {"metadata":{"emulator":{"name":"functions"},"message":"[worker-pool] Adding worker with key api, total=1"}}
[debug] [2021-01-17T22:02:26.603Z] [worker-pool] submitWork(triggerId=api) {"metadata":{"emulator":{"name":"functions"},"message":"[worker-pool] submitWork(triggerId=api)"}}
[debug] [2021-01-17T22:02:26.603Z] [worker-api-1af77c21-fc84-4d02-8203-e26498746c1f]: Assigning socketPath: \\?\pipe\C:\Users\tpeddoju\Desktop\React-Apps\amazon-clone\functions\10248 {"metadata":{"emulator":{"name":"functions"},"message":"[worker-api-1af77c21-fc84-4d02-8203-e26498746c1f]: Assigning socketPath: \\\\?\\pipe\\C:\\Users\\tpeddoju\\Desktop\\React-Apps\\amazon-clone\\functions\\10248"}}
[debug] [2021-01-17T22:02:26.603Z] [worker-api-1af77c21-fc84-4d02-8203-e26498746c1f]: BUSY {"metadata":{"emulator":{"name":"functions"},"message":"[worker-api-1af77c21-fc84-4d02-8203-e26498746c1f]: BUSY"}}
[debug] [2021-01-17T22:02:28.023Z] [runtime-status] [10248] Functions runtime initialized. {"cwd":"C:\\Users\\tpeddoju\\Desktop\\React-Apps\\amazon-clone\\functions","node_version":"10.16.3"} {"metadata":{"emulator":{"name":"functions"},"function":{"name":"api"},"message":"[runtime-status] [10248] Functions runtime initialized. {\"cwd\":\"C:\\\\Users\\\\tpeddoju\\\\Desktop\\\\React-Apps\\\\amazon-clone\\\\functions\",\"node_version\":\"10.16.3\"}"}}
[debug] [2021-01-17T22:02:28.031Z] [runtime-status] [10248] Disabled runtime features: undefined {"metadata":{"emulator":{"name":"functions"},"function":{"name":"api"},"message":"[runtime-status] [10248] Disabled runtime features: undefined"}}
[debug] [2021-01-17T22:02:28.087Z] [runtime-status] [10248] Resolved module firebase-admin {"declared":true,"installed":true,"version":"9.4.2","resolution":"C:\\Users\\tpeddoju\\Desktop\\React-Apps\\amazon-clone\\functions\\node_modules\\firebase-admin\\lib\\index.js"} {"metadata":{"emulator":{"name":"functions"},"function":{"name":"api"},"message":"[runtime-status] [10248] Resolved module firebase-admin {\"declared\":true,\"installed\":true,\"version\":\"9.4.2\",\"resolution\":\"C:\\\\Users\\\\tpeddoju\\\\Desktop\\\\React-Apps\\\\amazon-clone\\\\functions\\\\node_modules\\\\firebase-admin\\\\lib\\\\index.js\"}"}}
[debug] [2021-01-17T22:02:28.119Z] [runtime-status] [10248] Resolved module firebase-functions {"declared":true,"installed":true,"version":"3.13.1","resolution":"C:\\Users\\tpeddoju\\Desktop\\React-Apps\\amazon-clone\\functions\\node_modules\\firebase-functions\\lib\\index.js"} {"metadata":{"emulator":{"name":"functions"},"function":{"name":"api"},"message":"[runtime-status] [10248] Resolved module firebase-functions {\"declared\":true,\"installed\":true,\"version\":\"3.13.1\",\"resolution\":\"C:\\\\Users\\\\tpeddoju\\\\Desktop\\\\React-Apps\\\\amazon-clone\\\\functions\\\\node_modules\\\\firebase-functions\\\\lib\\\\index.js\"}"}}
[debug] [2021-01-17T22:02:28.127Z] [runtime-status] [10248] Resolved module firebase-functions {"declared":true,"installed":true,"version":"3.13.1","resolution":"C:\\Users\\tpeddoju\\Desktop\\React-Apps\\amazon-clone\\functions\\node_modules\\firebase-functions\\lib\\index.js"} {"metadata":{"emulator":{"name":"functions"},"function":{"name":"api"},"message":"[runtime-status] [10248] Resolved module firebase-functions {\"declared\":true,\"installed\":true,\"version\":\"3.13.1\",\"resolution\":\"C:\\\\Users\\\\tpeddoju\\\\Desktop\\\\React-Apps\\\\amazon-clone\\\\functions\\\\node_modules\\\\firebase-functions\\\\lib\\\\index.js\"}"}}
[debug] [2021-01-17T22:02:28.135Z] [runtime-status] [10248] Outgoing network have been stubbed. [{"name":"http","status":"mocked"},{"name":"http","status":"mocked"},{"name":"https","status":"mocked"},{"name":"https","status":"mocked"},{"name":"net","status":"mocked"}] {"metadata":{"emulator":{"name":"functions"},"function":{"name":"api"},"message":"[runtime-status] [10248] Outgoing network have been stubbed. [{\"name\":\"http\",\"status\":\"mocked\"},{\"name\":\"http\",\"status\":\"mocked\"},{\"name\":\"https\",\"status\":\"mocked\"},{\"name\":\"https\",\"status\":\"mocked\"},{\"name\":\"net\",\"status\":\"mocked\"}]"}}
[debug] [2021-01-17T22:02:28.135Z] [runtime-status] [10248] Resolved module firebase-functions {"declared":true,"installed":true,"version":"3.13.1","resolution":"C:\\Users\\tpeddoju\\Desktop\\React-Apps\\amazon-clone\\functions\\node_modules\\firebase-functions\\lib\\index.js"} {"metadata":{"emulator":{"name":"functions"},"function":{"name":"api"},"message":"[runtime-status] [10248] Resolved module firebase-functions {\"declared\":true,\"installed\":true,\"version\":\"3.13.1\",\"resolution\":\"C:\\\\Users\\\\tpeddoju\\\\Desktop\\\\React-Apps\\\\amazon-clone\\\\functions\\\\node_modules\\\\firebase-functions\\\\lib\\\\index.js\"}"}}
[debug] [2021-01-17T22:02:28.360Z] [runtime-status] [10248] Checked functions.config() {"config":{}} {"metadata":{"emulator":{"name":"functions"},"function":{"name":"api"},"message":"[runtime-status] [10248] Checked functions.config() {\"config\":{}}"}}
[debug] [2021-01-17T22:02:28.360Z] [runtime-status] [10248] firebase-functions has been stubbed. {"functionsResolution":{"declared":true,"installed":true,"version":"3.13.1","resolution":"C:\\Users\\tpeddoju\\Desktop\\React-Apps\\amazon-clone\\functions\\node_modules\\firebase-functions\\lib\\index.js"}} {"metadata":{"emulator":{"name":"functions"},"function":{"name":"api"},"message":"[runtime-status] [10248] firebase-functions has been stubbed. {\"functionsResolution\":{\"declared\":true,\"installed\":true,\"version\":\"3.13.1\",\"resolution\":\"C:\\\\Users\\\\tpeddoju\\\\Desktop\\\\React-Apps\\\\amazon-clone\\\\functions\\\\node_modules\\\\firebase-functions\\\\lib\\\\index.js\"}}"}}
[debug] [2021-01-17T22:02:28.360Z] [runtime-status] [10248] Resolved module firebase-functions {"declared":true,"installed":true,"version":"3.13.1","resolution":"C:\\Users\\tpeddoju\\Desktop\\React-Apps\\amazon-clone\\functions\\node_modules\\firebase-functions\\lib\\index.js"} {"metadata":{"emulator":{"name":"functions"},"function":{"name":"api"},"message":"[runtime-status] [10248] Resolved module firebase-functions {\"declared\":true,\"installed\":true,\"version\":\"3.13.1\",\"resolution\":\"C:\\\\Users\\\\tpeddoju\\\\Desktop\\\\React-Apps\\\\amazon-clone\\\\functions\\\\node_modules\\\\firebase-functions\\\\lib\\\\index.js\"}"}}
[debug] [2021-01-17T22:02:28.368Z] [runtime-status] [10248] Resolved module firebase-admin {"declared":true,"installed":true,"version":"9.4.2","resolution":"C:\\Users\\tpeddoju\\Desktop\\React-Apps\\amazon-clone\\functions\\node_modules\\firebase-admin\\lib\\index.js"} {"metadata":{"emulator":{"name":"functions"},"function":{"name":"api"},"message":"[runtime-status] [10248] Resolved module firebase-admin {\"declared\":true,\"installed\":true,\"version\":\"9.4.2\",\"resolution\":\"C:\\\\Users\\\\tpeddoju\\\\Desktop\\\\React-Apps\\\\amazon-clone\\\\functions\\\\node_modules\\\\firebase-admin\\\\lib\\\\index.js\"}"}}
[debug] [2021-01-17T22:02:28.368Z] [runtime-status] [10248] Resolved module firebase-functions {"declared":true,"installed":true,"version":"3.13.1","resolution":"C:\\Users\\tpeddoju\\Desktop\\React-Apps\\amazon-clone\\functions\\node_modules\\firebase-functions\\lib\\index.js"} {"metadata":{"emulator":{"name":"functions"},"function":{"name":"api"},"message":"[runtime-status] [10248] Resolved module firebase-functions {\"declared\":true,\"installed\":true,\"version\":\"3.13.1\",\"resolution\":\"C:\\\\Users\\\\tpeddoju\\\\Desktop\\\\React-Apps\\\\amazon-clone\\\\functions\\\\node_modules\\\\firebase-functions\\\\lib\\\\index.js\"}"}}
[debug] [2021-01-17T22:02:28.368Z] [runtime-status] [10248] firebase-admin has been stubbed. {"adminResolution":{"declared":true,"installed":true,"version":"9.4.2","resolution":"C:\\Users\\tpeddoju\\Desktop\\React-Apps\\amazon-clone\\functions\\node_modules\\firebase-admin\\lib\\index.js"}} {"metadata":{"emulator":{"name":"functions"},"function":{"name":"api"},"message":"[runtime-status] [10248] firebase-admin has been stubbed. {\"adminResolution\":{\"declared\":true,\"installed\":true,\"version\":\"9.4.2\",\"resolution\":\"C:\\\\Users\\\\tpeddoju\\\\Desktop\\\\React-Apps\\\\amazon-clone\\\\functions\\\\node_modules\\\\firebase-admin\\\\lib\\\\index.js\"}}"}}
[debug] [2021-01-17T22:02:29.536Z] [runtime-status] [10248] Trigger "api" has been found, beginning invocation! {"metadata":{"emulator":{"name":"functions"},"function":{"name":"api"},"message":"[runtime-status] [10248] Trigger \"api\" has been found, beginning invocation!"}}
[info] i  functions: Beginning execution of "api" {"metadata":{"emulator":{"name":"functions"},"function":{"name":"api"},"message":"Beginning execution of \"api\""}}
[debug] [2021-01-17T22:02:29.548Z] [runtime-status] [10248] triggerDefinition {"httpsTrigger":{},"name":"api","entryPoint":"api"} {"metadata":{"emulator":{"name":"functions"},"function":{"name":"api"},"message":"[runtime-status] [10248] triggerDefinition {\"httpsTrigger\":{},\"name\":\"api\",\"entryPoint\":\"api\"}"}}
[debug] [2021-01-17T22:02:29.548Z] [runtime-status] [10248] Running api in mode HTTPS {"metadata":{"emulator":{"name":"functions"},"function":{"name":"api"},"message":"[runtime-status] [10248] Running api in mode HTTPS"}}
[debug] [2021-01-17T22:02:29.564Z] [runtime-status] [10248] Attempting to listen to socketPath: \\?\pipe\C:\Users\tpeddoju\Desktop\React-Apps\amazon-clone\functions\10248 {"metadata":{"emulator":{"name":"functions"},"function":{"name":"api"},"message":"[runtime-status] [10248] Attempting to listen to socketPath: \\\\?\\pipe\\C:\\Users\\tpeddoju\\Desktop\\React-Apps\\amazon-clone\\functions\\10248"}}
[debug] [2021-01-17T22:02:29.572Z] [functions] Runtime ready! Sending request! {"metadata":{"emulator":{"name":"functions"},"message":"[functions] Runtime ready! Sending request!"}}
[debug] [2021-01-17T22:02:29.576Z] [functions] Got req.url=/clone-d41cd/us-central1/api/payments/create?total=8789000, mapping to path=/payments/create?total=8789000 {"metadata":{"emulator":{"name":"functions"},"message":"[functions] Got req.url=/clone-d41cd/us-central1/api/payments/create?total=8789000, mapping to path=/payments/create?total=8789000"}}
[debug] [2021-01-17T22:02:29.592Z] [runtime-status] [10248] Ephemeral server handling POST request {"metadata":{"emulator":{"name":"functions"},"function":{"name":"api"},"message":"[runtime-status] [10248] Ephemeral server handling POST request"}}
[info] >  Payment Request Recieved for this amount >>>  8789000 {"user":"Payment Request Recieved for this amount >>>  8789000","metadata":{"emulator":{"name":"functions"},"function":{"name":"api"},"message":"\u001b[90m> \u001b[39m Payment Request Recieved for this amount >>>  8789000"}}
[debug] [2021-01-17T22:02:29.642Z] [runtime-status] [10248] Ephemeral server survived. {"metadata":{"emulator":{"name":"functions"},"function":{"name":"api"},"message":"[runtime-status] [10248] Ephemeral server survived."}}
[info] i  functions: Finished "api" in ~1s {"metadata":{"emulator":{"name":"functions"},"function":{"name":"api"},"message":"Finished \"api\" in ~1s"}}
[debug] [2021-01-17T22:02:30.723Z] [worker-api-1af77c21-fc84-4d02-8203-e26498746c1f]: IDLE {"metadata":{"emulator":{"name":"functions"},"message":"[worker-api-1af77c21-fc84-4d02-8203-e26498746c1f]: IDLE"}}
[debug] [2021-01-17T22:02:30.723Z] [work-queue] {"queueLength":0,"workRunningCount":0}
[debug] [2021-01-17T22:03:17.585Z] [work-queue] {"queueLength":1,"workRunningCount":0}
[debug] [2021-01-17T22:03:17.585Z] [work-queue] {"queueLength":0,"workRunningCount":1}
[debug] [2021-01-17T22:03:17.593Z] Accepted request POST /clone-d41cd/us-central1/api/payments/create?total=0 --> api
[debug] [2021-01-17T22:03:17.594Z] [worker-pool] submitWork(triggerId=api) {"metadata":{"emulator":{"name":"functions"},"message":"[worker-pool] submitWork(triggerId=api)"}}
[debug] [2021-01-17T22:03:17.594Z] [worker-api-1af77c21-fc84-4d02-8203-e26498746c1f]: Assigning socketPath: \\?\pipe\C:\Users\tpeddoju\Desktop\React-Apps\amazon-clone\functions\10248 {"metadata":{"emulator":{"name":"functions"},"message":"[worker-api-1af77c21-fc84-4d02-8203-e26498746c1f]: Assigning socketPath: \\\\?\\pipe\\C:\\Users\\tpeddoju\\Desktop\\React-Apps\\amazon-clone\\functions\\10248"}}
[debug] [2021-01-17T22:03:17.594Z] [worker-api-1af77c21-fc84-4d02-8203-e26498746c1f]: BUSY {"metadata":{"emulator":{"name":"functions"},"message":"[worker-api-1af77c21-fc84-4d02-8203-e26498746c1f]: BUSY"}}
[debug] [2021-01-17T22:03:17.594Z] [runtime-status] [10248] Trigger "api" has been found, beginning invocation! {"metadata":{"emulator":{"name":"functions"},"function":{"name":"api"},"message":"[runtime-status] [10248] Trigger \"api\" has been found, beginning invocation!"}}
[info] i  functions: Beginning execution of "api" {"metadata":{"emulator":{"name":"functions"},"function":{"name":"api"},"message":"Beginning execution of \"api\""}}
[debug] [2021-01-17T22:03:17.599Z] [runtime-status] [10248] triggerDefinition {"httpsTrigger":{},"name":"api","entryPoint":"api"} {"metadata":{"emulator":{"name":"functions"},"function":{"name":"api"},"message":"[runtime-status] [10248] triggerDefinition {\"httpsTrigger\":{},\"name\":\"api\",\"entryPoint\":\"api\"}"}}
[debug] [2021-01-17T22:03:17.599Z] [runtime-status] [10248] Running api in mode HTTPS {"metadata":{"emulator":{"name":"functions"},"function":{"name":"api"},"message":"[runtime-status] [10248] Running api in mode HTTPS"}}
[debug] [2021-01-17T22:03:17.599Z] [runtime-status] [10248] Attempting to listen to socketPath: \\?\pipe\C:\Users\tpeddoju\Desktop\React-Apps\amazon-clone\functions\10248 {"metadata":{"emulator":{"name":"functions"},"function":{"name":"api"},"message":"[runtime-status] [10248] Attempting to listen to socketPath: \\\\?\\pipe\\C:\\Users\\tpeddoju\\Desktop\\React-Apps\\amazon-clone\\functions\\10248"}}
[debug] [2021-01-17T22:03:17.607Z] [functions] Runtime ready! Sending request! {"metadata":{"emulator":{"name":"functions"},"message":"[functions] Runtime ready! Sending request!"}}
[debug] [2021-01-17T22:03:17.607Z] [functions] Got req.url=/clone-d41cd/us-central1/api/payments/create?total=0, mapping to path=/payments/create?total=0 {"metadata":{"emulator":{"name":"functions"},"message":"[functions] Got req.url=/clone-d41cd/us-central1/api/payments/create?total=0, mapping to path=/payments/create?total=0"}}
[debug] [2021-01-17T22:03:17.615Z] [runtime-status] [10248] Ephemeral server handling POST request {"metadata":{"emulator":{"name":"functions"},"function":{"name":"api"},"message":"[runtime-status] [10248] Ephemeral server handling POST request"}}
[info] >  Payment Request Recieved for this amount >>>  0 {"user":"Payment Request Recieved for this amount >>>  0","metadata":{"emulator":{"name":"functions"},"function":{"name":"api"},"message":"\u001b[90m> \u001b[39m Payment Request Recieved for this amount >>>  0"}}
[debug] [2021-01-17T22:03:17.618Z] [runtime-status] [10248] Ephemeral server survived. {"metadata":{"emulator":{"name":"functions"},"function":{"name":"api"},"message":"[runtime-status] [10248] Ephemeral server survived."}}
[info] >  (node:10248) UnhandledPromiseRejectionWarning: Error: This value must be greater than or equal to 1. {"user":"(node:10248) UnhandledPromiseRejectionWarning: Error: This value must be greater than or equal to 1.","metadata":{"emulator":{"name":"functions"},"function":{"name":"api"},"message":"\u001b[90m> \u001b[39m (node:10248) UnhandledPromiseRejectionWarning: Error: This value must be greater than or equal to 1."}}
[info] >      at Function.generate (C:\Users\tpeddoju\Desktop\React-Apps\amazon-clone\functions\node_modules\stripe\lib\Error.js:40:16) {"user":"    at Function.generate (C:\\Users\\tpeddoju\\Desktop\\React-Apps\\amazon-clone\\functions\\node_modules\\stripe\\lib\\Error.js:40:16)","metadata":{"emulator":{"name":"functions"},"function":{"name":"api"},"message":"\u001b[90m> \u001b[39m     at Function.generate (C:\\Users\\tpeddoju\\Desktop\\React-Apps\\amazon-clone\\functions\\node_modules\\stripe\\lib\\Error.js:40:16)"}}
[info] >      at IncomingMessage.res.once (C:\Users\tpeddoju\Desktop\React-Apps\amazon-clone\functions\node_modules\stripe\lib\StripeResource.js:180:33) {"user":"    at IncomingMessage.res.once (C:\\Users\\tpeddoju\\Desktop\\React-Apps\\amazon-clone\\functions\\node_modules\\stripe\\lib\\StripeResource.js:180:33)","metadata":{"emulator":{"name":"functions"},"function":{"name":"api"},"message":"\u001b[90m> \u001b[39m     at IncomingMessage.res.once (C:\\Users\\tpeddoju\\Desktop\\React-Apps\\amazon-clone\\functions\\node_modules\\stripe\\lib\\StripeResource.js:180:33)"}}
[info] >      at Object.onceWrapper (events.js:286:20) {"user":"    at Object.onceWrapper (events.js:286:20)","metadata":{"emulator":{"name":"functions"},"function":{"name":"api"},"message":"\u001b[90m> \u001b[39m     at Object.onceWrapper (events.js:286:20)"}}
[info] >      at IncomingMessage.emit (events.js:203:15) {"user":"    at IncomingMessage.emit (events.js:203:15)","metadata":{"emulator":{"name":"functions"},"function":{"name":"api"},"message":"\u001b[90m> \u001b[39m     at IncomingMessage.emit (events.js:203:15)"}}
[info] >      at endReadableNT (_stream_readable.js:1145:12) {"user":"    at endReadableNT (_stream_readable.js:1145:12)","metadata":{"emulator":{"name":"functions"},"function":{"name":"api"},"message":"\u001b[90m> \u001b[39m     at endReadableNT (_stream_readable.js:1145:12)"}}
[info] >      at process._tickCallback (internal/process/next_tick.js:63:19) {"user":"    at process._tickCallback (internal/process/next_tick.js:63:19)","metadata":{"emulator":{"name":"functions"},"function":{"name":"api"},"message":"\u001b[90m> \u001b[39m     at process._tickCallback (internal/process/next_tick.js:63:19)"}}
[info] >  (node:10248) UnhandledPromiseRejectionWarning: Unhandled promise rejection. This error originated either by throwing inside of an async function without a catch block, or by rejecting a promise which was not handled with .catch(). (rejection id: 1) {"user":"(node:10248) UnhandledPromiseRejectionWarning: Unhandled promise rejection. This error originated either by throwing inside of an async function without a catch block, or by rejecting a promise which was not handled with .catch(). (rejection id: 1)","metadata":{"emulator":{"name":"functions"},"function":{"name":"api"},"message":"\u001b[90m> \u001b[39m (node:10248) UnhandledPromiseRejectionWarning: Unhandled promise rejection. This error originated either by throwing inside of an async function without a catch block, or by rejecting a promise which was not handled with .catch(). (rejection id: 1)"}}
[info] >  (node:10248) [DEP0018] DeprecationWarning: Unhandled promise rejections are deprecated. In the future, promise rejections that are not handled will terminate the Node.js process with a non-zero exit code. {"user":"(node:10248) [DEP0018] DeprecationWarning: Unhandled promise rejections are deprecated. In the future, promise rejections that are not handled will terminate the Node.js process with a non-zero exit code.","metadata":{"emulator":{"name":"functions"},"function":{"name":"api"},"message":"\u001b[90m> \u001b[39m (node:10248) [DEP0018] DeprecationWarning: Unhandled promise rejections are deprecated. In the future, promise rejections that are not handled will terminate the Node.js process with a non-zero exit code."}}
[warn] !  functions: Your function timed out after ~60s. To configure this timeout, see
      https://firebase.google.com/docs/functions/manage-functions#set_timeout_and_memory_allocation. {"metadata":{"emulator":{"name":"functions"},"function":{"name":"api"},"message":"Your function timed out after ~60s. To configure this timeout, see\n      https://firebase.google.com/docs/functions/manage-functions#set_timeout_and_memory_allocation."}}
[info] >  C:\Users\tpeddoju\AppData\Roaming\npm\node_modules\firebase-tools\lib\emulator\functionsEmulatorRuntime.js:640 {"user":"C:\\Users\\tpeddoju\\AppData\\Roaming\\npm\\node_modules\\firebase-tools\\lib\\emulator\\functionsEmulatorRuntime.js:640\r","metadata":{"emulator":{"name":"functions"},"function":{"name":"api"},"message":"\u001b[90m> \u001b[39m C:\\Users\\tpeddoju\\AppData\\Roaming\\npm\\node_modules\\firebase-tools\\lib\\emulator\\functionsEmulatorRuntime.js:640\r"}}
[info] >              throw new Error("Function timed out."); {"user":"            throw new Error(\"Function timed out.\");\r","metadata":{"emulator":{"name":"functions"},"function":{"name":"api"},"message":"\u001b[90m> \u001b[39m             throw new Error(\"Function timed out.\");\r"}}
[info] >              ^ {"user":"            ^\r","metadata":{"emulator":{"name":"functions"},"function":{"name":"api"},"message":"\u001b[90m> \u001b[39m             ^\r"}}
[info] >   {"user":"\r","metadata":{"emulator":{"name":"functions"},"function":{"name":"api"},"message":"\u001b[90m> \u001b[39m \r"}}
[info] >  Error: Function timed out. {"user":"Error: Function timed out.\r","metadata":{"emulator":{"name":"functions"},"function":{"name":"api"},"message":"\u001b[90m> \u001b[39m Error: Function timed out.\r"}}
[info] >      at Timeout.setTimeout [as _onTimeout] (C:\Users\tpeddoju\AppData\Roaming\npm\node_modules\firebase-tools\lib\emulator\functionsEmulatorRuntime.js:640:19) {"user":"    at Timeout.setTimeout [as _onTimeout] (C:\\Users\\tpeddoju\\AppData\\Roaming\\npm\\node_modules\\firebase-tools\\lib\\emulator\\functionsEmulatorRuntime.js:640:19)\r","metadata":{"emulator":{"name":"functions"},"function":{"name":"api"},"message":"\u001b[90m> \u001b[39m     at Timeout.setTimeout [as _onTimeout] (C:\\Users\\tpeddoju\\AppData\\Roaming\\npm\\node_modules\\firebase-tools\\lib\\emulator\\functionsEmulatorRuntime.js:640:19)\r"}}
[info] >      at ontimeout (timers.js:436:11) {"user":"    at ontimeout (timers.js:436:11)\r","metadata":{"emulator":{"name":"functions"},"function":{"name":"api"},"message":"\u001b[90m> \u001b[39m     at ontimeout (timers.js:436:11)\r"}}
[info] >      at tryOnTimeout (timers.js:300:5) {"user":"    at tryOnTimeout (timers.js:300:5)\r","metadata":{"emulator":{"name":"functions"},"function":{"name":"api"},"message":"\u001b[90m> \u001b[39m     at tryOnTimeout (timers.js:300:5)\r"}}
[info] >      at listOnTimeout (timers.js:263:5) {"user":"    at listOnTimeout (timers.js:263:5)\r","metadata":{"emulator":{"name":"functions"},"function":{"name":"api"},"message":"\u001b[90m> \u001b[39m     at listOnTimeout (timers.js:263:5)\r"}}
[info] >      at Timer.processTimers (timers.js:223:10) {"user":"    at Timer.processTimers (timers.js:223:10)\r","metadata":{"emulator":{"name":"functions"},"function":{"name":"api"},"message":"\u001b[90m> \u001b[39m     at Timer.processTimers (timers.js:223:10)\r"}}
[debug] [2021-01-17T22:04:17.617Z] [worker-api-1af77c21-fc84-4d02-8203-e26498746c1f]: exited {"metadata":{"emulator":{"name":"functions"},"message":"[worker-api-1af77c21-fc84-4d02-8203-e26498746c1f]: exited"}}
[debug] [2021-01-17T22:04:17.617Z] [worker-api-1af77c21-fc84-4d02-8203-e26498746c1f]: FINISHED {"metadata":{"emulator":{"name":"functions"},"message":"[worker-api-1af77c21-fc84-4d02-8203-e26498746c1f]: FINISHED"}}
[debug] [2021-01-17T22:04:17.625Z] [work-queue] {"queueLength":0,"workRunningCount":0}
[debug] [2021-01-17T22:47:31.813Z] [work-queue] {"queueLength":1,"workRunningCount":0}
[debug] [2021-01-17T22:47:31.829Z] [work-queue] {"queueLength":0,"workRunningCount":1}
[debug] [2021-01-17T22:47:31.837Z] Accepted request POST /clone-d41cd/us-central1/api/payments/create?total=2659200 --> api
[debug] [2021-01-17T22:47:31.845Z] [worker-pool] Cleaned up workers for api: 1 --> 0 {"metadata":{"emulator":{"name":"functions"},"message":"[worker-pool] Cleaned up workers for api: 1 --> 0"}}
[debug] [2021-01-17T22:47:32.133Z] [worker-pool] addWorker(api) {"metadata":{"emulator":{"name":"functions"},"message":"[worker-pool] addWorker(api)"}}
[debug] [2021-01-17T22:47:32.133Z] [worker-pool] Adding worker with key api, total=1 {"metadata":{"emulator":{"name":"functions"},"message":"[worker-pool] Adding worker with key api, total=1"}}
[debug] [2021-01-17T22:47:32.133Z] [worker-pool] submitWork(triggerId=api) {"metadata":{"emulator":{"name":"functions"},"message":"[worker-pool] submitWork(triggerId=api)"}}
[debug] [2021-01-17T22:47:32.133Z] [worker-api-a6ecc90a-566d-4231-9a99-31013cc1b858]: Assigning socketPath: \\?\pipe\C:\Users\tpeddoju\Desktop\React-Apps\amazon-clone\functions\14348 {"metadata":{"emulator":{"name":"functions"},"message":"[worker-api-a6ecc90a-566d-4231-9a99-31013cc1b858]: Assigning socketPath: \\\\?\\pipe\\C:\\Users\\tpeddoju\\Desktop\\React-Apps\\amazon-clone\\functions\\14348"}}
[debug] [2021-01-17T22:47:32.133Z] [worker-api-a6ecc90a-566d-4231-9a99-31013cc1b858]: BUSY {"metadata":{"emulator":{"name":"functions"},"message":"[worker-api-a6ecc90a-566d-4231-9a99-31013cc1b858]: BUSY"}}
[debug] [2021-01-17T22:47:33.998Z] [runtime-status] [14348] Functions runtime initialized. {"cwd":"C:\\Users\\tpeddoju\\Desktop\\React-Apps\\amazon-clone\\functions","node_version":"10.16.3"} {"metadata":{"emulator":{"name":"functions"},"function":{"name":"api"},"message":"[runtime-status] [14348] Functions runtime initialized. {\"cwd\":\"C:\\\\Users\\\\tpeddoju\\\\Desktop\\\\React-Apps\\\\amazon-clone\\\\functions\",\"node_version\":\"10.16.3\"}"}}
[debug] [2021-01-17T22:47:33.998Z] [runtime-status] [14348] Disabled runtime features: undefined {"metadata":{"emulator":{"name":"functions"},"function":{"name":"api"},"message":"[runtime-status] [14348] Disabled runtime features: undefined"}}
[debug] [2021-01-17T22:47:34.054Z] [runtime-status] [14348] Resolved module firebase-admin {"declared":true,"installed":true,"version":"9.4.2","resolution":"C:\\Users\\tpeddoju\\Desktop\\React-Apps\\amazon-clone\\functions\\node_modules\\firebase-admin\\lib\\index.js"} {"metadata":{"emulator":{"name":"functions"},"function":{"name":"api"},"message":"[runtime-status] [14348] Resolved module firebase-admin {\"declared\":true,\"installed\":true,\"version\":\"9.4.2\",\"resolution\":\"C:\\\\Users\\\\tpeddoju\\\\Desktop\\\\React-Apps\\\\amazon-clone\\\\functions\\\\node_modules\\\\firebase-admin\\\\lib\\\\index.js\"}"}}
[debug] [2021-01-17T22:47:34.078Z] [runtime-status] [14348] Resolved module firebase-functions {"declared":true,"installed":true,"version":"3.13.1","resolution":"C:\\Users\\tpeddoju\\Desktop\\React-Apps\\amazon-clone\\functions\\node_modules\\firebase-functions\\lib\\index.js"} {"metadata":{"emulator":{"name":"functions"},"function":{"name":"api"},"message":"[runtime-status] [14348] Resolved module firebase-functions {\"declared\":true,\"installed\":true,\"version\":\"3.13.1\",\"resolution\":\"C:\\\\Users\\\\tpeddoju\\\\Desktop\\\\React-Apps\\\\amazon-clone\\\\functions\\\\node_modules\\\\firebase-functions\\\\lib\\\\index.js\"}"}}
[debug] [2021-01-17T22:47:34.086Z] [runtime-status] [14348] Resolved module firebase-functions {"declared":true,"installed":true,"version":"3.13.1","resolution":"C:\\Users\\tpeddoju\\Desktop\\React-Apps\\amazon-clone\\functions\\node_modules\\firebase-functions\\lib\\index.js"} {"metadata":{"emulator":{"name":"functions"},"function":{"name":"api"},"message":"[runtime-status] [14348] Resolved module firebase-functions {\"declared\":true,\"installed\":true,\"version\":\"3.13.1\",\"resolution\":\"C:\\\\Users\\\\tpeddoju\\\\Desktop\\\\React-Apps\\\\amazon-clone\\\\functions\\\\node_modules\\\\firebase-functions\\\\lib\\\\index.js\"}"}}
[debug] [2021-01-17T22:47:34.102Z] [runtime-status] [14348] Outgoing network have been stubbed. [{"name":"http","status":"mocked"},{"name":"http","status":"mocked"},{"name":"https","status":"mocked"},{"name":"https","status":"mocked"},{"name":"net","status":"mocked"}] {"metadata":{"emulator":{"name":"functions"},"function":{"name":"api"},"message":"[runtime-status] [14348] Outgoing network have been stubbed. [{\"name\":\"http\",\"status\":\"mocked\"},{\"name\":\"http\",\"status\":\"mocked\"},{\"name\":\"https\",\"status\":\"mocked\"},{\"name\":\"https\",\"status\":\"mocked\"},{\"name\":\"net\",\"status\":\"mocked\"}]"}}
[debug] [2021-01-17T22:47:34.102Z] [runtime-status] [14348] Resolved module firebase-functions {"declared":true,"installed":true,"version":"3.13.1","resolution":"C:\\Users\\tpeddoju\\Desktop\\React-Apps\\amazon-clone\\functions\\node_modules\\firebase-functions\\lib\\index.js"} {"metadata":{"emulator":{"name":"functions"},"function":{"name":"api"},"message":"[runtime-status] [14348] Resolved module firebase-functions {\"declared\":true,\"installed\":true,\"version\":\"3.13.1\",\"resolution\":\"C:\\\\Users\\\\tpeddoju\\\\Desktop\\\\React-Apps\\\\amazon-clone\\\\functions\\\\node_modules\\\\firebase-functions\\\\lib\\\\index.js\"}"}}
[debug] [2021-01-17T22:47:34.480Z] [runtime-status] [14348] Checked functions.config() {"config":{}} {"metadata":{"emulator":{"name":"functions"},"function":{"name":"api"},"message":"[runtime-status] [14348] Checked functions.config() {\"config\":{}}"}}
[debug] [2021-01-17T22:47:34.480Z] [runtime-status] [14348] firebase-functions has been stubbed. {"functionsResolution":{"declared":true,"installed":true,"version":"3.13.1","resolution":"C:\\Users\\tpeddoju\\Desktop\\React-Apps\\amazon-clone\\functions\\node_modules\\firebase-functions\\lib\\index.js"}} {"metadata":{"emulator":{"name":"functions"},"function":{"name":"api"},"message":"[runtime-status] [14348] firebase-functions has been stubbed. {\"functionsResolution\":{\"declared\":true,\"installed\":true,\"version\":\"3.13.1\",\"resolution\":\"C:\\\\Users\\\\tpeddoju\\\\Desktop\\\\React-Apps\\\\amazon-clone\\\\functions\\\\node_modules\\\\firebase-functions\\\\lib\\\\index.js\"}}"}}
[debug] [2021-01-17T22:47:34.480Z] [runtime-status] [14348] Resolved module firebase-functions {"declared":true,"installed":true,"version":"3.13.1","resolution":"C:\\Users\\tpeddoju\\Desktop\\React-Apps\\amazon-clone\\functions\\node_modules\\firebase-functions\\lib\\index.js"} {"metadata":{"emulator":{"name":"functions"},"function":{"name":"api"},"message":"[runtime-status] [14348] Resolved module firebase-functions {\"declared\":true,\"installed\":true,\"version\":\"3.13.1\",\"resolution\":\"C:\\\\Users\\\\tpeddoju\\\\Desktop\\\\React-Apps\\\\amazon-clone\\\\functions\\\\node_modules\\\\firebase-functions\\\\lib\\\\index.js\"}"}}
[debug] [2021-01-17T22:47:34.520Z] [runtime-status] [14348] Resolved module firebase-admin {"declared":true,"installed":true,"version":"9.4.2","resolution":"C:\\Users\\tpeddoju\\Desktop\\React-Apps\\amazon-clone\\functions\\node_modules\\firebase-admin\\lib\\index.js"} {"metadata":{"emulator":{"name":"functions"},"function":{"name":"api"},"message":"[runtime-status] [14348] Resolved module firebase-admin {\"declared\":true,\"installed\":true,\"version\":\"9.4.2\",\"resolution\":\"C:\\\\Users\\\\tpeddoju\\\\Desktop\\\\React-Apps\\\\amazon-clone\\\\functions\\\\node_modules\\\\firebase-admin\\\\lib\\\\index.js\"}"}}
[debug] [2021-01-17T22:47:34.520Z] [runtime-status] [14348] Resolved module firebase-functions {"declared":true,"installed":true,"version":"3.13.1","resolution":"C:\\Users\\tpeddoju\\Desktop\\React-Apps\\amazon-clone\\functions\\node_modules\\firebase-functions\\lib\\index.js"} {"metadata":{"emulator":{"name":"functions"},"function":{"name":"api"},"message":"[runtime-status] [14348] Resolved module firebase-functions {\"declared\":true,\"installed\":true,\"version\":\"3.13.1\",\"resolution\":\"C:\\\\Users\\\\tpeddoju\\\\Desktop\\\\React-Apps\\\\amazon-clone\\\\functions\\\\node_modules\\\\firebase-functions\\\\lib\\\\index.js\"}"}}
[debug] [2021-01-17T22:47:34.520Z] [runtime-status] [14348] firebase-admin has been stubbed. {"adminResolution":{"declared":true,"installed":true,"version":"9.4.2","resolution":"C:\\Users\\tpeddoju\\Desktop\\React-Apps\\amazon-clone\\functions\\node_modules\\firebase-admin\\lib\\index.js"}} {"metadata":{"emulator":{"name":"functions"},"function":{"name":"api"},"message":"[runtime-status] [14348] firebase-admin has been stubbed. {\"adminResolution\":{\"declared\":true,\"installed\":true,\"version\":\"9.4.2\",\"resolution\":\"C:\\\\Users\\\\tpeddoju\\\\Desktop\\\\React-Apps\\\\amazon-clone\\\\functions\\\\node_modules\\\\firebase-admin\\\\lib\\\\index.js\"}}"}}
[debug] [2021-01-17T22:47:36.472Z] [runtime-status] [14348] Trigger "api" has been found, beginning invocation! {"metadata":{"emulator":{"name":"functions"},"function":{"name":"api"},"message":"[runtime-status] [14348] Trigger \"api\" has been found, beginning invocation!"}}
[info] i  functions: Beginning execution of "api" {"metadata":{"emulator":{"name":"functions"},"function":{"name":"api"},"message":"Beginning execution of \"api\""}}
[debug] [2021-01-17T22:47:36.485Z] [runtime-status] [14348] triggerDefinition {"httpsTrigger":{},"name":"api","entryPoint":"api"} {"metadata":{"emulator":{"name":"functions"},"function":{"name":"api"},"message":"[runtime-status] [14348] triggerDefinition {\"httpsTrigger\":{},\"name\":\"api\",\"entryPoint\":\"api\"}"}}
[debug] [2021-01-17T22:47:36.485Z] [runtime-status] [14348] Running api in mode HTTPS {"metadata":{"emulator":{"name":"functions"},"function":{"name":"api"},"message":"[runtime-status] [14348] Running api in mode HTTPS"}}
[debug] [2021-01-17T22:47:36.505Z] [runtime-status] [14348] Attempting to listen to socketPath: \\?\pipe\C:\Users\tpeddoju\Desktop\React-Apps\amazon-clone\functions\14348 {"metadata":{"emulator":{"name":"functions"},"function":{"name":"api"},"message":"[runtime-status] [14348] Attempting to listen to socketPath: \\\\?\\pipe\\C:\\Users\\tpeddoju\\Desktop\\React-Apps\\amazon-clone\\functions\\14348"}}
[debug] [2021-01-17T22:47:36.529Z] [functions] Runtime ready! Sending request! {"metadata":{"emulator":{"name":"functions"},"message":"[functions] Runtime ready! Sending request!"}}
[debug] [2021-01-17T22:47:36.529Z] [functions] Got req.url=/clone-d41cd/us-central1/api/payments/create?total=2659200, mapping to path=/payments/create?total=2659200 {"metadata":{"emulator":{"name":"functions"},"message":"[functions] Got req.url=/clone-d41cd/us-central1/api/payments/create?total=2659200, mapping to path=/payments/create?total=2659200"}}
[debug] [2021-01-17T22:47:36.545Z] [runtime-status] [14348] Ephemeral server handling POST request {"metadata":{"emulator":{"name":"functions"},"function":{"name":"api"},"message":"[runtime-status] [14348] Ephemeral server handling POST request"}}
[info] >  Payment Request Recieved for this amount >>>  2659200 {"user":"Payment Request Recieved for this amount >>>  2659200","metadata":{"emulator":{"name":"functions"},"function":{"name":"api"},"message":"\u001b[90m> \u001b[39m Payment Request Recieved for this amount >>>  2659200"}}
[debug] [2021-01-17T22:47:36.614Z] [runtime-status] [14348] Ephemeral server survived. {"metadata":{"emulator":{"name":"functions"},"function":{"name":"api"},"message":"[runtime-status] [14348] Ephemeral server survived."}}
[info] i  functions: Finished "api" in ~1s {"metadata":{"emulator":{"name":"functions"},"function":{"name":"api"},"message":"Finished \"api\" in ~1s"}}
[debug] [2021-01-17T22:47:37.544Z] [worker-api-a6ecc90a-566d-4231-9a99-31013cc1b858]: IDLE {"metadata":{"emulator":{"name":"functions"},"message":"[worker-api-a6ecc90a-566d-4231-9a99-31013cc1b858]: IDLE"}}
[debug] [2021-01-17T22:47:37.544Z] [work-queue] {"queueLength":0,"workRunningCount":0}
[debug] [2021-01-17T22:47:48.995Z] [work-queue] {"queueLength":1,"workRunningCount":0}
[debug] [2021-01-17T22:47:48.995Z] [work-queue] {"queueLength":0,"workRunningCount":1}
[debug] [2021-01-17T22:47:48.995Z] Accepted request POST /clone-d41cd/us-central1/api/payments/create?total=0 --> api
[debug] [2021-01-17T22:47:48.995Z] [worker-pool] submitWork(triggerId=api) {"metadata":{"emulator":{"name":"functions"},"message":"[worker-pool] submitWork(triggerId=api)"}}
[debug] [2021-01-17T22:47:48.995Z] [worker-api-a6ecc90a-566d-4231-9a99-31013cc1b858]: Assigning socketPath: \\?\pipe\C:\Users\tpeddoju\Desktop\React-Apps\amazon-clone\functions\14348 {"metadata":{"emulator":{"name":"functions"},"message":"[worker-api-a6ecc90a-566d-4231-9a99-31013cc1b858]: Assigning socketPath: \\\\?\\pipe\\C:\\Users\\tpeddoju\\Desktop\\React-Apps\\amazon-clone\\functions\\14348"}}
[debug] [2021-01-17T22:47:48.995Z] [worker-api-a6ecc90a-566d-4231-9a99-31013cc1b858]: BUSY {"metadata":{"emulator":{"name":"functions"},"message":"[worker-api-a6ecc90a-566d-4231-9a99-31013cc1b858]: BUSY"}}
[debug] [2021-01-17T22:47:49.003Z] [runtime-status] [14348] Trigger "api" has been found, beginning invocation! {"metadata":{"emulator":{"name":"functions"},"function":{"name":"api"},"message":"[runtime-status] [14348] Trigger \"api\" has been found, beginning invocation!"}}
[info] i  functions: Beginning execution of "api" {"metadata":{"emulator":{"name":"functions"},"function":{"name":"api"},"message":"Beginning execution of \"api\""}}
[debug] [2021-01-17T22:47:49.005Z] [runtime-status] [14348] triggerDefinition {"httpsTrigger":{},"name":"api","entryPoint":"api"} {"metadata":{"emulator":{"name":"functions"},"function":{"name":"api"},"message":"[runtime-status] [14348] triggerDefinition {\"httpsTrigger\":{},\"name\":\"api\",\"entryPoint\":\"api\"}"}}
[debug] [2021-01-17T22:47:49.005Z] [runtime-status] [14348] Running api in mode HTTPS {"metadata":{"emulator":{"name":"functions"},"function":{"name":"api"},"message":"[runtime-status] [14348] Running api in mode HTTPS"}}
[debug] [2021-01-17T22:47:49.005Z] [runtime-status] [14348] Attempting to listen to socketPath: \\?\pipe\C:\Users\tpeddoju\Desktop\React-Apps\amazon-clone\functions\14348 {"metadata":{"emulator":{"name":"functions"},"function":{"name":"api"},"message":"[runtime-status] [14348] Attempting to listen to socketPath: \\\\?\\pipe\\C:\\Users\\tpeddoju\\Desktop\\React-Apps\\amazon-clone\\functions\\14348"}}
[debug] [2021-01-17T22:47:49.010Z] [functions] Runtime ready! Sending request! {"metadata":{"emulator":{"name":"functions"},"message":"[functions] Runtime ready! Sending request!"}}
[debug] [2021-01-17T22:47:49.010Z] [functions] Got req.url=/clone-d41cd/us-central1/api/payments/create?total=0, mapping to path=/payments/create?total=0 {"metadata":{"emulator":{"name":"functions"},"message":"[functions] Got req.url=/clone-d41cd/us-central1/api/payments/create?total=0, mapping to path=/payments/create?total=0"}}
[debug] [2021-01-17T22:47:49.014Z] [runtime-status] [14348] Ephemeral server handling POST request {"metadata":{"emulator":{"name":"functions"},"function":{"name":"api"},"message":"[runtime-status] [14348] Ephemeral server handling POST request"}}
[info] >  Payment Request Recieved for this amount >>>  0 {"user":"Payment Request Recieved for this amount >>>  0","metadata":{"emulator":{"name":"functions"},"function":{"name":"api"},"message":"\u001b[90m> \u001b[39m Payment Request Recieved for this amount >>>  0"}}
[debug] [2021-01-17T22:47:49.018Z] [runtime-status] [14348] Ephemeral server survived. {"metadata":{"emulator":{"name":"functions"},"function":{"name":"api"},"message":"[runtime-status] [14348] Ephemeral server survived."}}
[info] >  (node:14348) UnhandledPromiseRejectionWarning: Error: This value must be greater than or equal to 1. {"user":"(node:14348) UnhandledPromiseRejectionWarning: Error: This value must be greater than or equal to 1.","metadata":{"emulator":{"name":"functions"},"function":{"name":"api"},"message":"\u001b[90m> \u001b[39m (node:14348) UnhandledPromiseRejectionWarning: Error: This value must be greater than or equal to 1."}}
[info] >      at Function.generate (C:\Users\tpeddoju\Desktop\React-Apps\amazon-clone\functions\node_modules\stripe\lib\Error.js:40:16) {"user":"    at Function.generate (C:\\Users\\tpeddoju\\Desktop\\React-Apps\\amazon-clone\\functions\\node_modules\\stripe\\lib\\Error.js:40:16)","metadata":{"emulator":{"name":"functions"},"function":{"name":"api"},"message":"\u001b[90m> \u001b[39m     at Function.generate (C:\\Users\\tpeddoju\\Desktop\\React-Apps\\amazon-clone\\functions\\node_modules\\stripe\\lib\\Error.js:40:16)"}}
[info] >      at IncomingMessage.res.once (C:\Users\tpeddoju\Desktop\React-Apps\amazon-clone\functions\node_modules\stripe\lib\StripeResource.js:180:33) {"user":"    at IncomingMessage.res.once (C:\\Users\\tpeddoju\\Desktop\\React-Apps\\amazon-clone\\functions\\node_modules\\stripe\\lib\\StripeResource.js:180:33)","metadata":{"emulator":{"name":"functions"},"function":{"name":"api"},"message":"\u001b[90m> \u001b[39m     at IncomingMessage.res.once (C:\\Users\\tpeddoju\\Desktop\\React-Apps\\amazon-clone\\functions\\node_modules\\stripe\\lib\\StripeResource.js:180:33)"}}
[info] >      at Object.onceWrapper (events.js:286:20) {"user":"    at Object.onceWrapper (events.js:286:20)","metadata":{"emulator":{"name":"functions"},"function":{"name":"api"},"message":"\u001b[90m> \u001b[39m     at Object.onceWrapper (events.js:286:20)"}}
[info] >      at IncomingMessage.emit (events.js:203:15) {"user":"    at IncomingMessage.emit (events.js:203:15)","metadata":{"emulator":{"name":"functions"},"function":{"name":"api"},"message":"\u001b[90m> \u001b[39m     at IncomingMessage.emit (events.js:203:15)"}}
[info] >      at endReadableNT (_stream_readable.js:1145:12) {"user":"    at endReadableNT (_stream_readable.js:1145:12)","metadata":{"emulator":{"name":"functions"},"function":{"name":"api"},"message":"\u001b[90m> \u001b[39m     at endReadableNT (_stream_readable.js:1145:12)"}}
[info] >      at process._tickCallback (internal/process/next_tick.js:63:19) {"user":"    at process._tickCallback (internal/process/next_tick.js:63:19)","metadata":{"emulator":{"name":"functions"},"function":{"name":"api"},"message":"\u001b[90m> \u001b[39m     at process._tickCallback (internal/process/next_tick.js:63:19)"}}
[info] >  (node:14348) UnhandledPromiseRejectionWarning: Unhandled promise rejection. This error originated either by throwing inside of an async function without a catch block, or by rejecting a promise which was not handled with .catch(). (rejection id: 1) {"user":"(node:14348) UnhandledPromiseRejectionWarning: Unhandled promise rejection. This error originated either by throwing inside of an async function without a catch block, or by rejecting a promise which was not handled with .catch(). (rejection id: 1)","metadata":{"emulator":{"name":"functions"},"function":{"name":"api"},"message":"\u001b[90m> \u001b[39m (node:14348) UnhandledPromiseRejectionWarning: Unhandled promise rejection. This error originated either by throwing inside of an async function without a catch block, or by rejecting a promise which was not handled with .catch(). (rejection id: 1)"}}
[info] >  (node:14348) [DEP0018] DeprecationWarning: Unhandled promise rejections are deprecated. In the future, promise rejections that are not handled will terminate the Node.js process with a non-zero exit code. {"user":"(node:14348) [DEP0018] DeprecationWarning: Unhandled promise rejections are deprecated. In the future, promise rejections that are not handled will terminate the Node.js process with a non-zero exit code.","metadata":{"emulator":{"name":"functions"},"function":{"name":"api"},"message":"\u001b[90m> \u001b[39m (node:14348) [DEP0018] DeprecationWarning: Unhandled promise rejections are deprecated. In the future, promise rejections that are not handled will terminate the Node.js process with a non-zero exit code."}}
[debug] [2021-01-17T22:48:22.682Z] [worker-api-a6ecc90a-566d-4231-9a99-31013cc1b858]: exited {"metadata":{"emulator":{"name":"functions"},"message":"[worker-api-a6ecc90a-566d-4231-9a99-31013cc1b858]: exited"}}
[debug] [2021-01-17T22:48:22.682Z] [worker-api-a6ecc90a-566d-4231-9a99-31013cc1b858]: FINISHED {"metadata":{"emulator":{"name":"functions"},"message":"[worker-api-a6ecc90a-566d-4231-9a99-31013cc1b858]: FINISHED"}}
[debug] [2021-01-17T22:48:22.682Z] [work-queue] {"queueLength":0,"workRunningCount":0}
[debug] [2021-01-17T22:48:22.715Z] [worker-~diagnostic~-8fecfca1-b3ca-4729-bcaf-374e2c276b82]: exited {"metadata":{"emulator":{"name":"functions"},"message":"[worker-~diagnostic~-8fecfca1-b3ca-4729-bcaf-374e2c276b82]: exited"}}
[debug] [2021-01-17T22:48:22.715Z] [worker-~diagnostic~-8fecfca1-b3ca-4729-bcaf-374e2c276b82]: FINISHED {"metadata":{"emulator":{"name":"functions"},"message":"[worker-~diagnostic~-8fecfca1-b3ca-4729-bcaf-374e2c276b82]: FINISHED"}}
