[debug] [2021-01-17T17:47:36.899Z] ----------------------------------------------------------------------
[debug] [2021-01-17T17:47:36.903Z] Command:       C:\Program Files\nodejs\node.exe C:\Users\tpeddoju\AppData\Roaming\npm\node_modules\firebase-tools\lib\bin\firebase.js init
[debug] [2021-01-17T17:47:36.907Z] CLI Version:   9.2.1
[debug] [2021-01-17T17:47:36.907Z] Platform:      win32
[debug] [2021-01-17T17:47:36.907Z] Node Version:  v10.16.3
[debug] [2021-01-17T17:47:36.919Z] Time:          Sun Jan 17 2021 23:17:36 GMT+0530 (India Standard Time)
[debug] [2021-01-17T17:47:36.919Z] ----------------------------------------------------------------------
[debug] [2021-01-17T17:47:36.920Z] 
[debug] [2021-01-17T17:47:37.003Z] > command requires scopes: ["email","openid","https://www.googleapis.com/auth/cloudplatformprojects.readonly","https://www.googleapis.com/auth/firebase","https://www.googleapis.com/auth/cloud-platform"]
[debug] [2021-01-17T17:47:37.003Z] > authorizing via signed-in user
[info] 
     ######## #### ########  ######## ########     ###     ######  ########
     ##        ##  ##     ## ##       ##     ##  ##   ##  ##       ##
     ######    ##  ########  ######   ########  #########  ######  ######
     ##        ##  ##    ##  ##       ##     ## ##     ##       ## ##
     ##       #### ##     ## ######## ########  ##     ##  ######  ########

You're about to initialize a Firebase project in this directory:

  C:\Users\tpeddoju\Desktop\React-Apps\amazon-clone

Before we get started, keep in mind:

  * You are initializing in an existing Firebase project directory

[debug] [2021-01-18T15:20:47.723Z] ----------------------------------------------------------------------
[debug] [2021-01-18T15:20:47.731Z] Command:       C:\Program Files\nodejs\node.exe C:\Users\tpeddoju\AppData\Roaming\npm\node_modules\firebase-tools\lib\bin\firebase.js emulators:start
[debug] [2021-01-18T15:20:47.735Z] CLI Version:   9.2.1
[debug] [2021-01-18T15:20:47.735Z] Platform:      win32
[debug] [2021-01-18T15:20:47.735Z] Node Version:  v10.16.3
[debug] [2021-01-18T15:20:47.736Z] Time:          Mon Jan 18 2021 20:50:47 GMT+0530 (India Standard Time)
[debug] [2021-01-18T15:20:47.736Z] ----------------------------------------------------------------------
[debug] [2021-01-18T15:20:47.736Z] 
[debug] [2021-01-18T15:20:47.786Z] > command requires scopes: ["email","openid","https://www.googleapis.com/auth/cloudplatformprojects.readonly","https://www.googleapis.com/auth/firebase","https://www.googleapis.com/auth/cloud-platform"]
[debug] [2021-01-18T15:20:47.786Z] > authorizing via signed-in user
[info] i  emulators: Starting emulators: functions {"metadata":{"emulator":{"name":"hub"},"message":"Starting emulators: functions"}}
[warn] !  emulators: It seems that you are running multiple instances of the emulator suite for project clone-d41cd. This may result in unexpected behavior. 
[debug] [2021-01-18T15:20:49.952Z] [hub] writing locator at C:\Users\tpeddoju\AppData\Local\Temp\hub-clone-d41cd.json
[warn] !  functions: The following emulators are not running, calls to these services from the Functions emulator will affect production: auth, firestore, database, hosting, pubsub {"metadata":{"emulator":{"name":"functions"},"message":"The following emulators are not running, calls to these services from the Functions emulator will affect production: \u001b[1mauth, firestore, database, hosting, pubsub\u001b[22m"}}
[warn] !  Your requested "node" version "12" doesn't match your global version "10" {"metadata":{"emulator":{"name":"functions"},"message":"Your requested \"node\" version \"12\" doesn't match your global version \"10\""}}
[debug] [2021-01-18T15:20:52.269Z] defaultcredentials: writing to file C:\Users\tpeddoju\AppData\Roaming\firebase\peddojupranavi_gmail_com_application_default_credentials.json
[debug] [2021-01-18T15:20:52.285Z] Setting GAC to C:\Users\tpeddoju\AppData\Roaming\firebase\peddojupranavi_gmail_com_application_default_credentials.json {"metadata":{"emulator":{"name":"functions"},"message":"Setting GAC to C:\\Users\\tpeddoju\\AppData\\Roaming\\firebase\\peddojupranavi_gmail_com_application_default_credentials.json"}}
[debug] [2021-01-18T15:20:52.309Z] > refreshing access token with scopes: []
[debug] [2021-01-18T15:20:52.309Z] >>> HTTP REQUEST POST https://www.googleapis.com/oauth2/v3/token  
 <request body omitted>
[debug] [2021-01-18T15:20:52.856Z] <<< HTTP RESPONSE 200 {"date":"Mon, 18 Jan 2021 15:20:52 GMT","cache-control":"no-cache, no-store, max-age=0, must-revalidate","expires":"Mon, 01 Jan 1990 00:00:00 GMT","pragma":"no-cache","content-type":"application/json; charset=utf-8","vary":"X-Origin, Referer, Origin,Accept-Encoding","server":"scaffolding on HTTPServer2","x-xss-protection":"0","x-frame-options":"SAMEORIGIN","x-content-type-options":"nosniff","alt-svc":"h3-29=\":443\"; ma=2592000,h3-T051=\":443\"; ma=2592000,h3-Q050=\":443\"; ma=2592000,h3-Q046=\":443\"; ma=2592000,h3-Q043=\":443\"; ma=2592000,quic=\":443\"; ma=2592000; v=\"46,43\"","accept-ranges":"none","transfer-encoding":"chunked"}
[debug] [2021-01-18T15:20:52.910Z] >>> [apiv2][query] GET https://firebase.googleapis.com/v1beta1/projects/clone-d41cd/adminSdkConfig [none]
[debug] [2021-01-18T15:20:53.586Z] <<< [apiv2][status] GET https://firebase.googleapis.com/v1beta1/projects/clone-d41cd/adminSdkConfig 200
[debug] [2021-01-18T15:20:53.586Z] <<< [apiv2][body] GET https://firebase.googleapis.com/v1beta1/projects/clone-d41cd/adminSdkConfig {"projectId":"clone-d41cd","storageBucket":"clone-d41cd.appspot.com","locationId":"us-central"}
[debug] [2021-01-18T15:20:57.760Z] Ignoring unsupported arg: auto_download {"metadata":{"emulator":{"name":"ui"},"message":"Ignoring unsupported arg: auto_download"}}
[debug] [2021-01-18T15:20:57.760Z] Ignoring unsupported arg: port {"metadata":{"emulator":{"name":"ui"},"message":"Ignoring unsupported arg: port"}}
[debug] [2021-01-18T15:20:57.760Z] Starting Emulator UI with command {"binary":"node","args":["C:\\Users\\tpeddoju\\.cache\\firebase\\emulators\\ui-v1.4.1\\server.bundle.js"],"optionalArgs":[],"joinArgs":false} {"metadata":{"emulator":{"name":"ui"},"message":"Starting Emulator UI with command {\"binary\":\"node\",\"args\":[\"C:\\\\Users\\\\tpeddoju\\\\.cache\\\\firebase\\\\emulators\\\\ui-v1.4.1\\\\server.bundle.js\"],\"optionalArgs\":[],\"joinArgs\":false}"}}
[info] i  ui: Emulator UI logging to ui-debug.log {"metadata":{"emulator":{"name":"ui"},"message":"Emulator UI logging to \u001b[1mui-debug.log\u001b[22m"}}
[debug] [2021-01-18T15:20:58.867Z] Web / API server started at http://localhost:4000
 {"metadata":{"emulator":{"name":"ui"},"message":"Web / API server started at http://localhost:4000\n"}}
[info] i  functions: Watching "C:\Users\tpeddoju\Desktop\React-Apps\amazon-clone\functions" for Cloud Functions... {"metadata":{"emulator":{"name":"functions"},"message":"Watching \"C:\\Users\\tpeddoju\\Desktop\\React-Apps\\amazon-clone\\functions\" for Cloud Functions..."}}
[debug] [2021-01-18T15:20:59.141Z] [worker-pool] addWorker(~diagnostic~) {"metadata":{"emulator":{"name":"functions"},"message":"[worker-pool] addWorker(~diagnostic~)"}}
[debug] [2021-01-18T15:20:59.141Z] [worker-pool] Adding worker with key ~diagnostic~, total=1 {"metadata":{"emulator":{"name":"functions"},"message":"[worker-pool] Adding worker with key ~diagnostic~, total=1"}}
[debug] [2021-01-18T15:20:59.141Z] [worker-pool] submitWork(triggerId=) {"metadata":{"emulator":{"name":"functions"},"message":"[worker-pool] submitWork(triggerId=)"}}
[debug] [2021-01-18T15:20:59.141Z] [worker-~diagnostic~-56dc6324-e491-491d-a538-84b036372f99]: Assigning socketPath: \\?\pipe\C:\Users\tpeddoju\Desktop\React-Apps\amazon-clone\functions\10084 {"metadata":{"emulator":{"name":"functions"},"message":"[worker-~diagnostic~-56dc6324-e491-491d-a538-84b036372f99]: Assigning socketPath: \\\\?\\pipe\\C:\\Users\\tpeddoju\\Desktop\\React-Apps\\amazon-clone\\functions\\10084"}}
[debug] [2021-01-18T15:20:59.141Z] [worker-~diagnostic~-56dc6324-e491-491d-a538-84b036372f99]: BUSY {"metadata":{"emulator":{"name":"functions"},"message":"[worker-~diagnostic~-56dc6324-e491-491d-a538-84b036372f99]: BUSY"}}
[debug] [2021-01-18T15:21:01.626Z] [runtime-status] [10084] Functions runtime initialized. {"cwd":"C:\\Users\\tpeddoju\\Desktop\\React-Apps\\amazon-clone\\functions","node_version":"10.16.3"} {"metadata":{"emulator":{"name":"functions"},"message":"[runtime-status] [10084] Functions runtime initialized. {\"cwd\":\"C:\\\\Users\\\\tpeddoju\\\\Desktop\\\\React-Apps\\\\amazon-clone\\\\functions\",\"node_version\":\"10.16.3\"}"}}
[debug] [2021-01-18T15:21:01.630Z] [runtime-status] [10084] Disabled runtime features: undefined {"metadata":{"emulator":{"name":"functions"},"message":"[runtime-status] [10084] Disabled runtime features: undefined"}}
[debug] [2021-01-18T15:21:01.714Z] [runtime-status] [10084] Resolved module firebase-admin {"declared":true,"installed":true,"version":"9.4.2","resolution":"C:\\Users\\tpeddoju\\Desktop\\React-Apps\\amazon-clone\\functions\\node_modules\\firebase-admin\\lib\\index.js"} {"metadata":{"emulator":{"name":"functions"},"message":"[runtime-status] [10084] Resolved module firebase-admin {\"declared\":true,\"installed\":true,\"version\":\"9.4.2\",\"resolution\":\"C:\\\\Users\\\\tpeddoju\\\\Desktop\\\\React-Apps\\\\amazon-clone\\\\functions\\\\node_modules\\\\firebase-admin\\\\lib\\\\index.js\"}"}}
[debug] [2021-01-18T15:21:01.772Z] [runtime-status] [10084] Resolved module firebase-functions {"declared":true,"installed":true,"version":"3.13.1","resolution":"C:\\Users\\tpeddoju\\Desktop\\React-Apps\\amazon-clone\\functions\\node_modules\\firebase-functions\\lib\\index.js"} {"metadata":{"emulator":{"name":"functions"},"message":"[runtime-status] [10084] Resolved module firebase-functions {\"declared\":true,\"installed\":true,\"version\":\"3.13.1\",\"resolution\":\"C:\\\\Users\\\\tpeddoju\\\\Desktop\\\\React-Apps\\\\amazon-clone\\\\functions\\\\node_modules\\\\firebase-functions\\\\lib\\\\index.js\"}"}}
[debug] [2021-01-18T15:21:01.776Z] [runtime-status] [10084] Resolved module firebase-functions {"declared":true,"installed":true,"version":"3.13.1","resolution":"C:\\Users\\tpeddoju\\Desktop\\React-Apps\\amazon-clone\\functions\\node_modules\\firebase-functions\\lib\\index.js"} {"metadata":{"emulator":{"name":"functions"},"message":"[runtime-status] [10084] Resolved module firebase-functions {\"declared\":true,\"installed\":true,\"version\":\"3.13.1\",\"resolution\":\"C:\\\\Users\\\\tpeddoju\\\\Desktop\\\\React-Apps\\\\amazon-clone\\\\functions\\\\node_modules\\\\firebase-functions\\\\lib\\\\index.js\"}"}}
[debug] [2021-01-18T15:21:01.785Z] [runtime-status] [10084] Outgoing network have been stubbed. [{"name":"http","status":"mocked"},{"name":"http","status":"mocked"},{"name":"https","status":"mocked"},{"name":"https","status":"mocked"},{"name":"net","status":"mocked"}] {"metadata":{"emulator":{"name":"functions"},"message":"[runtime-status] [10084] Outgoing network have been stubbed. [{\"name\":\"http\",\"status\":\"mocked\"},{\"name\":\"http\",\"status\":\"mocked\"},{\"name\":\"https\",\"status\":\"mocked\"},{\"name\":\"https\",\"status\":\"mocked\"},{\"name\":\"net\",\"status\":\"mocked\"}]"}}
[debug] [2021-01-18T15:21:01.785Z] [runtime-status] [10084] Resolved module firebase-functions {"declared":true,"installed":true,"version":"3.13.1","resolution":"C:\\Users\\tpeddoju\\Desktop\\React-Apps\\amazon-clone\\functions\\node_modules\\firebase-functions\\lib\\index.js"} {"metadata":{"emulator":{"name":"functions"},"message":"[runtime-status] [10084] Resolved module firebase-functions {\"declared\":true,\"installed\":true,\"version\":\"3.13.1\",\"resolution\":\"C:\\\\Users\\\\tpeddoju\\\\Desktop\\\\React-Apps\\\\amazon-clone\\\\functions\\\\node_modules\\\\firebase-functions\\\\lib\\\\index.js\"}"}}
[debug] [2021-01-18T15:21:02.206Z] [runtime-status] [10084] Checked functions.config() {"config":{}} {"metadata":{"emulator":{"name":"functions"},"message":"[runtime-status] [10084] Checked functions.config() {\"config\":{}}"}}
[debug] [2021-01-18T15:21:02.210Z] [runtime-status] [10084] firebase-functions has been stubbed. {"functionsResolution":{"declared":true,"installed":true,"version":"3.13.1","resolution":"C:\\Users\\tpeddoju\\Desktop\\React-Apps\\amazon-clone\\functions\\node_modules\\firebase-functions\\lib\\index.js"}} {"metadata":{"emulator":{"name":"functions"},"message":"[runtime-status] [10084] firebase-functions has been stubbed. {\"functionsResolution\":{\"declared\":true,\"installed\":true,\"version\":\"3.13.1\",\"resolution\":\"C:\\\\Users\\\\tpeddoju\\\\Desktop\\\\React-Apps\\\\amazon-clone\\\\functions\\\\node_modules\\\\firebase-functions\\\\lib\\\\index.js\"}}"}}
[debug] [2021-01-18T15:21:02.210Z] [runtime-status] [10084] Resolved module firebase-functions {"declared":true,"installed":true,"version":"3.13.1","resolution":"C:\\Users\\tpeddoju\\Desktop\\React-Apps\\amazon-clone\\functions\\node_modules\\firebase-functions\\lib\\index.js"} {"metadata":{"emulator":{"name":"functions"},"message":"[runtime-status] [10084] Resolved module firebase-functions {\"declared\":true,\"installed\":true,\"version\":\"3.13.1\",\"resolution\":\"C:\\\\Users\\\\tpeddoju\\\\Desktop\\\\React-Apps\\\\amazon-clone\\\\functions\\\\node_modules\\\\firebase-functions\\\\lib\\\\index.js\"}"}}
[debug] [2021-01-18T15:21:02.218Z] [runtime-status] [10084] Resolved module firebase-admin {"declared":true,"installed":true,"version":"9.4.2","resolution":"C:\\Users\\tpeddoju\\Desktop\\React-Apps\\amazon-clone\\functions\\node_modules\\firebase-admin\\lib\\index.js"} {"metadata":{"emulator":{"name":"functions"},"message":"[runtime-status] [10084] Resolved module firebase-admin {\"declared\":true,\"installed\":true,\"version\":\"9.4.2\",\"resolution\":\"C:\\\\Users\\\\tpeddoju\\\\Desktop\\\\React-Apps\\\\amazon-clone\\\\functions\\\\node_modules\\\\firebase-admin\\\\lib\\\\index.js\"}"}}
[debug] [2021-01-18T15:21:02.222Z] [runtime-status] [10084] Resolved module firebase-functions {"declared":true,"installed":true,"version":"3.13.1","resolution":"C:\\Users\\tpeddoju\\Desktop\\React-Apps\\amazon-clone\\functions\\node_modules\\firebase-functions\\lib\\index.js"} {"metadata":{"emulator":{"name":"functions"},"message":"[runtime-status] [10084] Resolved module firebase-functions {\"declared\":true,\"installed\":true,\"version\":\"3.13.1\",\"resolution\":\"C:\\\\Users\\\\tpeddoju\\\\Desktop\\\\React-Apps\\\\amazon-clone\\\\functions\\\\node_modules\\\\firebase-functions\\\\lib\\\\index.js\"}"}}
[debug] [2021-01-18T15:21:02.226Z] [runtime-status] [10084] firebase-admin has been stubbed. {"adminResolution":{"declared":true,"installed":true,"version":"9.4.2","resolution":"C:\\Users\\tpeddoju\\Desktop\\React-Apps\\amazon-clone\\functions\\node_modules\\firebase-admin\\lib\\index.js"}} {"metadata":{"emulator":{"name":"functions"},"message":"[runtime-status] [10084] firebase-admin has been stubbed. {\"adminResolution\":{\"declared\":true,\"installed\":true,\"version\":\"9.4.2\",\"resolution\":\"C:\\\\Users\\\\tpeddoju\\\\Desktop\\\\React-Apps\\\\amazon-clone\\\\functions\\\\node_modules\\\\firebase-admin\\\\lib\\\\index.js\"}}"}}
[info] +  functions[api]: http function initialized (http://localhost:5001/clone-d41cd/us-central1/api). {"metadata":{"emulator":{"name":"functions"},"message":"\u001b[1mhttp\u001b[22m function initialized (http://localhost:5001/clone-d41cd/us-central1/api)."}}
[info] 
┌─────────────────────────────────────────────────────────────┐
│ ✔  All emulators ready! It is now safe to connect your app. │
│ i  View Emulator UI at http://localhost:4000                │
└─────────────────────────────────────────────────────────────┘

┌───────────┬────────────────┬─────────────────────────────────┐
│ Emulator  │ Host:Port      │ View in Emulator UI             │
├───────────┼────────────────┼─────────────────────────────────┤
│ Functions │ localhost:5001 │ http://localhost:4000/functions │
└───────────┴────────────────┴─────────────────────────────────┘
  Emulator Hub running at localhost:4400
  Other reserved ports: 4500

Issues? Report them at https://github.com/firebase/firebase-tools/issues and attach the *-debug.log files.
 
[debug] [2021-01-18T15:21:05.180Z] [worker-~diagnostic~-56dc6324-e491-491d-a538-84b036372f99]: IDLE {"metadata":{"emulator":{"name":"functions"},"message":"[worker-~diagnostic~-56dc6324-e491-491d-a538-84b036372f99]: IDLE"}}
[debug] [2021-01-18T15:23:19.798Z] [work-queue] {"queueLength":1,"workRunningCount":0}
[debug] [2021-01-18T15:23:19.802Z] [work-queue] {"queueLength":0,"workRunningCount":1}
[debug] [2021-01-18T15:23:19.802Z] Accepted request POST /clone-d41cd/us-central1/api/payments/create?total=909900 --> api
[debug] [2021-01-18T15:23:20.102Z] [worker-pool] addWorker(api) {"metadata":{"emulator":{"name":"functions"},"message":"[worker-pool] addWorker(api)"}}
[debug] [2021-01-18T15:23:20.106Z] [worker-pool] Adding worker with key api, total=1 {"metadata":{"emulator":{"name":"functions"},"message":"[worker-pool] Adding worker with key api, total=1"}}
[debug] [2021-01-18T15:23:20.106Z] [worker-pool] submitWork(triggerId=api) {"metadata":{"emulator":{"name":"functions"},"message":"[worker-pool] submitWork(triggerId=api)"}}
[debug] [2021-01-18T15:23:20.106Z] [worker-api-da4c95b1-5108-4846-9b96-4d4fed0accfd]: Assigning socketPath: \\?\pipe\C:\Users\tpeddoju\Desktop\React-Apps\amazon-clone\functions\7460 {"metadata":{"emulator":{"name":"functions"},"message":"[worker-api-da4c95b1-5108-4846-9b96-4d4fed0accfd]: Assigning socketPath: \\\\?\\pipe\\C:\\Users\\tpeddoju\\Desktop\\React-Apps\\amazon-clone\\functions\\7460"}}
[debug] [2021-01-18T15:23:20.106Z] [worker-api-da4c95b1-5108-4846-9b96-4d4fed0accfd]: BUSY {"metadata":{"emulator":{"name":"functions"},"message":"[worker-api-da4c95b1-5108-4846-9b96-4d4fed0accfd]: BUSY"}}
[debug] [2021-01-18T15:23:22.227Z] [runtime-status] [7460] Functions runtime initialized. {"cwd":"C:\\Users\\tpeddoju\\Desktop\\React-Apps\\amazon-clone\\functions","node_version":"10.16.3"} {"metadata":{"emulator":{"name":"functions"},"function":{"name":"api"},"message":"[runtime-status] [7460] Functions runtime initialized. {\"cwd\":\"C:\\\\Users\\\\tpeddoju\\\\Desktop\\\\React-Apps\\\\amazon-clone\\\\functions\",\"node_version\":\"10.16.3\"}"}}
[debug] [2021-01-18T15:23:22.235Z] [runtime-status] [7460] Disabled runtime features: undefined {"metadata":{"emulator":{"name":"functions"},"function":{"name":"api"},"message":"[runtime-status] [7460] Disabled runtime features: undefined"}}
[debug] [2021-01-18T15:23:22.298Z] [runtime-status] [7460] Resolved module firebase-admin {"declared":true,"installed":true,"version":"9.4.2","resolution":"C:\\Users\\tpeddoju\\Desktop\\React-Apps\\amazon-clone\\functions\\node_modules\\firebase-admin\\lib\\index.js"} {"metadata":{"emulator":{"name":"functions"},"function":{"name":"api"},"message":"[runtime-status] [7460] Resolved module firebase-admin {\"declared\":true,\"installed\":true,\"version\":\"9.4.2\",\"resolution\":\"C:\\\\Users\\\\tpeddoju\\\\Desktop\\\\React-Apps\\\\amazon-clone\\\\functions\\\\node_modules\\\\firebase-admin\\\\lib\\\\index.js\"}"}}
[debug] [2021-01-18T15:23:22.327Z] [runtime-status] [7460] Resolved module firebase-functions {"declared":true,"installed":true,"version":"3.13.1","resolution":"C:\\Users\\tpeddoju\\Desktop\\React-Apps\\amazon-clone\\functions\\node_modules\\firebase-functions\\lib\\index.js"} {"metadata":{"emulator":{"name":"functions"},"function":{"name":"api"},"message":"[runtime-status] [7460] Resolved module firebase-functions {\"declared\":true,\"installed\":true,\"version\":\"3.13.1\",\"resolution\":\"C:\\\\Users\\\\tpeddoju\\\\Desktop\\\\React-Apps\\\\amazon-clone\\\\functions\\\\node_modules\\\\firebase-functions\\\\lib\\\\index.js\"}"}}
[debug] [2021-01-18T15:23:22.335Z] [runtime-status] [7460] Resolved module firebase-functions {"declared":true,"installed":true,"version":"3.13.1","resolution":"C:\\Users\\tpeddoju\\Desktop\\React-Apps\\amazon-clone\\functions\\node_modules\\firebase-functions\\lib\\index.js"} {"metadata":{"emulator":{"name":"functions"},"function":{"name":"api"},"message":"[runtime-status] [7460] Resolved module firebase-functions {\"declared\":true,\"installed\":true,\"version\":\"3.13.1\",\"resolution\":\"C:\\\\Users\\\\tpeddoju\\\\Desktop\\\\React-Apps\\\\amazon-clone\\\\functions\\\\node_modules\\\\firebase-functions\\\\lib\\\\index.js\"}"}}
[debug] [2021-01-18T15:23:22.344Z] [runtime-status] [7460] Outgoing network have been stubbed. [{"name":"http","status":"mocked"},{"name":"http","status":"mocked"},{"name":"https","status":"mocked"},{"name":"https","status":"mocked"},{"name":"net","status":"mocked"}] {"metadata":{"emulator":{"name":"functions"},"function":{"name":"api"},"message":"[runtime-status] [7460] Outgoing network have been stubbed. [{\"name\":\"http\",\"status\":\"mocked\"},{\"name\":\"http\",\"status\":\"mocked\"},{\"name\":\"https\",\"status\":\"mocked\"},{\"name\":\"https\",\"status\":\"mocked\"},{\"name\":\"net\",\"status\":\"mocked\"}]"}}
[debug] [2021-01-18T15:23:22.348Z] [runtime-status] [7460] Resolved module firebase-functions {"declared":true,"installed":true,"version":"3.13.1","resolution":"C:\\Users\\tpeddoju\\Desktop\\React-Apps\\amazon-clone\\functions\\node_modules\\firebase-functions\\lib\\index.js"} {"metadata":{"emulator":{"name":"functions"},"function":{"name":"api"},"message":"[runtime-status] [7460] Resolved module firebase-functions {\"declared\":true,\"installed\":true,\"version\":\"3.13.1\",\"resolution\":\"C:\\\\Users\\\\tpeddoju\\\\Desktop\\\\React-Apps\\\\amazon-clone\\\\functions\\\\node_modules\\\\firebase-functions\\\\lib\\\\index.js\"}"}}
[debug] [2021-01-18T15:23:22.677Z] [runtime-status] [7460] Checked functions.config() {"config":{}} {"metadata":{"emulator":{"name":"functions"},"function":{"name":"api"},"message":"[runtime-status] [7460] Checked functions.config() {\"config\":{}}"}}
[debug] [2021-01-18T15:23:22.685Z] [runtime-status] [7460] firebase-functions has been stubbed. {"functionsResolution":{"declared":true,"installed":true,"version":"3.13.1","resolution":"C:\\Users\\tpeddoju\\Desktop\\React-Apps\\amazon-clone\\functions\\node_modules\\firebase-functions\\lib\\index.js"}} {"metadata":{"emulator":{"name":"functions"},"function":{"name":"api"},"message":"[runtime-status] [7460] firebase-functions has been stubbed. {\"functionsResolution\":{\"declared\":true,\"installed\":true,\"version\":\"3.13.1\",\"resolution\":\"C:\\\\Users\\\\tpeddoju\\\\Desktop\\\\React-Apps\\\\amazon-clone\\\\functions\\\\node_modules\\\\firebase-functions\\\\lib\\\\index.js\"}}"}}
[debug] [2021-01-18T15:23:22.685Z] [runtime-status] [7460] Resolved module firebase-functions {"declared":true,"installed":true,"version":"3.13.1","resolution":"C:\\Users\\tpeddoju\\Desktop\\React-Apps\\amazon-clone\\functions\\node_modules\\firebase-functions\\lib\\index.js"} {"metadata":{"emulator":{"name":"functions"},"function":{"name":"api"},"message":"[runtime-status] [7460] Resolved module firebase-functions {\"declared\":true,\"installed\":true,\"version\":\"3.13.1\",\"resolution\":\"C:\\\\Users\\\\tpeddoju\\\\Desktop\\\\React-Apps\\\\amazon-clone\\\\functions\\\\node_modules\\\\firebase-functions\\\\lib\\\\index.js\"}"}}
[debug] [2021-01-18T15:23:22.694Z] [runtime-status] [7460] Resolved module firebase-admin {"declared":true,"installed":true,"version":"9.4.2","resolution":"C:\\Users\\tpeddoju\\Desktop\\React-Apps\\amazon-clone\\functions\\node_modules\\firebase-admin\\lib\\index.js"} {"metadata":{"emulator":{"name":"functions"},"function":{"name":"api"},"message":"[runtime-status] [7460] Resolved module firebase-admin {\"declared\":true,\"installed\":true,\"version\":\"9.4.2\",\"resolution\":\"C:\\\\Users\\\\tpeddoju\\\\Desktop\\\\React-Apps\\\\amazon-clone\\\\functions\\\\node_modules\\\\firebase-admin\\\\lib\\\\index.js\"}"}}
[debug] [2021-01-18T15:23:22.698Z] [runtime-status] [7460] Resolved module firebase-functions {"declared":true,"installed":true,"version":"3.13.1","resolution":"C:\\Users\\tpeddoju\\Desktop\\React-Apps\\amazon-clone\\functions\\node_modules\\firebase-functions\\lib\\index.js"} {"metadata":{"emulator":{"name":"functions"},"function":{"name":"api"},"message":"[runtime-status] [7460] Resolved module firebase-functions {\"declared\":true,\"installed\":true,\"version\":\"3.13.1\",\"resolution\":\"C:\\\\Users\\\\tpeddoju\\\\Desktop\\\\React-Apps\\\\amazon-clone\\\\functions\\\\node_modules\\\\firebase-functions\\\\lib\\\\index.js\"}"}}
[debug] [2021-01-18T15:23:22.698Z] [runtime-status] [7460] firebase-admin has been stubbed. {"adminResolution":{"declared":true,"installed":true,"version":"9.4.2","resolution":"C:\\Users\\tpeddoju\\Desktop\\React-Apps\\amazon-clone\\functions\\node_modules\\firebase-admin\\lib\\index.js"}} {"metadata":{"emulator":{"name":"functions"},"function":{"name":"api"},"message":"[runtime-status] [7460] firebase-admin has been stubbed. {\"adminResolution\":{\"declared\":true,\"installed\":true,\"version\":\"9.4.2\",\"resolution\":\"C:\\\\Users\\\\tpeddoju\\\\Desktop\\\\React-Apps\\\\amazon-clone\\\\functions\\\\node_modules\\\\firebase-admin\\\\lib\\\\index.js\"}}"}}
[debug] [2021-01-18T15:23:24.635Z] [runtime-status] [7460] Trigger "api" has been found, beginning invocation! {"metadata":{"emulator":{"name":"functions"},"function":{"name":"api"},"message":"[runtime-status] [7460] Trigger \"api\" has been found, beginning invocation!"}}
[info] i  functions: Beginning execution of "api" {"metadata":{"emulator":{"name":"functions"},"function":{"name":"api"},"message":"Beginning execution of \"api\""}}
[debug] [2021-01-18T15:23:24.643Z] [runtime-status] [7460] triggerDefinition {"httpsTrigger":{},"name":"api","entryPoint":"api"} {"metadata":{"emulator":{"name":"functions"},"function":{"name":"api"},"message":"[runtime-status] [7460] triggerDefinition {\"httpsTrigger\":{},\"name\":\"api\",\"entryPoint\":\"api\"}"}}
[debug] [2021-01-18T15:23:24.643Z] [runtime-status] [7460] Running api in mode HTTPS {"metadata":{"emulator":{"name":"functions"},"function":{"name":"api"},"message":"[runtime-status] [7460] Running api in mode HTTPS"}}
[debug] [2021-01-18T15:23:24.687Z] [runtime-status] [7460] Attempting to listen to socketPath: \\?\pipe\C:\Users\tpeddoju\Desktop\React-Apps\amazon-clone\functions\7460 {"metadata":{"emulator":{"name":"functions"},"function":{"name":"api"},"message":"[runtime-status] [7460] Attempting to listen to socketPath: \\\\?\\pipe\\C:\\Users\\tpeddoju\\Desktop\\React-Apps\\amazon-clone\\functions\\7460"}}
[debug] [2021-01-18T15:23:24.731Z] [functions] Runtime ready! Sending request! {"metadata":{"emulator":{"name":"functions"},"message":"[functions] Runtime ready! Sending request!"}}
[debug] [2021-01-18T15:23:24.735Z] [functions] Got req.url=/clone-d41cd/us-central1/api/payments/create?total=909900, mapping to path=/payments/create?total=909900 {"metadata":{"emulator":{"name":"functions"},"message":"[functions] Got req.url=/clone-d41cd/us-central1/api/payments/create?total=909900, mapping to path=/payments/create?total=909900"}}
[debug] [2021-01-18T15:23:24.763Z] [runtime-status] [7460] Ephemeral server handling POST request {"metadata":{"emulator":{"name":"functions"},"function":{"name":"api"},"message":"[runtime-status] [7460] Ephemeral server handling POST request"}}
[info] >  Payment Request Recieved for this amount >>>  909900 {"user":"Payment Request Recieved for this amount >>>  909900","metadata":{"emulator":{"name":"functions"},"function":{"name":"api"},"message":"\u001b[90m> \u001b[39m Payment Request Recieved for this amount >>>  909900"}}
[debug] [2021-01-18T15:23:24.858Z] [runtime-status] [7460] Ephemeral server survived. {"metadata":{"emulator":{"name":"functions"},"function":{"name":"api"},"message":"[runtime-status] [7460] Ephemeral server survived."}}
[info] i  functions: Finished "api" in ~1s {"metadata":{"emulator":{"name":"functions"},"function":{"name":"api"},"message":"Finished \"api\" in ~1s"}}
[debug] [2021-01-18T15:23:26.410Z] [worker-api-da4c95b1-5108-4846-9b96-4d4fed0accfd]: IDLE {"metadata":{"emulator":{"name":"functions"},"message":"[worker-api-da4c95b1-5108-4846-9b96-4d4fed0accfd]: IDLE"}}
[debug] [2021-01-18T15:23:26.410Z] [work-queue] {"queueLength":0,"workRunningCount":0}
[debug] [2021-01-18T15:23:41.176Z] [work-queue] {"queueLength":1,"workRunningCount":0}
[debug] [2021-01-18T15:23:41.176Z] [work-queue] {"queueLength":0,"workRunningCount":1}
[debug] [2021-01-18T15:23:41.176Z] Accepted request POST /clone-d41cd/us-central1/api/payments/create?total=0 --> api
[debug] [2021-01-18T15:23:41.176Z] [worker-pool] submitWork(triggerId=api) {"metadata":{"emulator":{"name":"functions"},"message":"[worker-pool] submitWork(triggerId=api)"}}
[debug] [2021-01-18T15:23:41.176Z] [worker-api-da4c95b1-5108-4846-9b96-4d4fed0accfd]: Assigning socketPath: \\?\pipe\C:\Users\tpeddoju\Desktop\React-Apps\amazon-clone\functions\7460 {"metadata":{"emulator":{"name":"functions"},"message":"[worker-api-da4c95b1-5108-4846-9b96-4d4fed0accfd]: Assigning socketPath: \\\\?\\pipe\\C:\\Users\\tpeddoju\\Desktop\\React-Apps\\amazon-clone\\functions\\7460"}}
[debug] [2021-01-18T15:23:41.176Z] [worker-api-da4c95b1-5108-4846-9b96-4d4fed0accfd]: BUSY {"metadata":{"emulator":{"name":"functions"},"message":"[worker-api-da4c95b1-5108-4846-9b96-4d4fed0accfd]: BUSY"}}
[debug] [2021-01-18T15:23:41.184Z] [runtime-status] [7460] Trigger "api" has been found, beginning invocation! {"metadata":{"emulator":{"name":"functions"},"function":{"name":"api"},"message":"[runtime-status] [7460] Trigger \"api\" has been found, beginning invocation!"}}
[info] i  functions: Beginning execution of "api" {"metadata":{"emulator":{"name":"functions"},"function":{"name":"api"},"message":"Beginning execution of \"api\""}}
[debug] [2021-01-18T15:23:41.188Z] [runtime-status] [7460] triggerDefinition {"httpsTrigger":{},"name":"api","entryPoint":"api"} {"metadata":{"emulator":{"name":"functions"},"function":{"name":"api"},"message":"[runtime-status] [7460] triggerDefinition {\"httpsTrigger\":{},\"name\":\"api\",\"entryPoint\":\"api\"}"}}
[debug] [2021-01-18T15:23:41.188Z] [runtime-status] [7460] Running api in mode HTTPS {"metadata":{"emulator":{"name":"functions"},"function":{"name":"api"},"message":"[runtime-status] [7460] Running api in mode HTTPS"}}
[debug] [2021-01-18T15:23:41.188Z] [runtime-status] [7460] Attempting to listen to socketPath: \\?\pipe\C:\Users\tpeddoju\Desktop\React-Apps\amazon-clone\functions\7460 {"metadata":{"emulator":{"name":"functions"},"function":{"name":"api"},"message":"[runtime-status] [7460] Attempting to listen to socketPath: \\\\?\\pipe\\C:\\Users\\tpeddoju\\Desktop\\React-Apps\\amazon-clone\\functions\\7460"}}
[debug] [2021-01-18T15:23:41.192Z] [functions] Runtime ready! Sending request! {"metadata":{"emulator":{"name":"functions"},"message":"[functions] Runtime ready! Sending request!"}}
[debug] [2021-01-18T15:23:41.192Z] [functions] Got req.url=/clone-d41cd/us-central1/api/payments/create?total=0, mapping to path=/payments/create?total=0 {"metadata":{"emulator":{"name":"functions"},"message":"[functions] Got req.url=/clone-d41cd/us-central1/api/payments/create?total=0, mapping to path=/payments/create?total=0"}}
[debug] [2021-01-18T15:23:41.204Z] [runtime-status] [7460] Ephemeral server handling POST request {"metadata":{"emulator":{"name":"functions"},"function":{"name":"api"},"message":"[runtime-status] [7460] Ephemeral server handling POST request"}}
[info] >  Payment Request Recieved for this amount >>>  0 {"user":"Payment Request Recieved for this amount >>>  0","metadata":{"emulator":{"name":"functions"},"function":{"name":"api"},"message":"\u001b[90m> \u001b[39m Payment Request Recieved for this amount >>>  0"}}
[debug] [2021-01-18T15:23:41.220Z] [runtime-status] [7460] Ephemeral server survived. {"metadata":{"emulator":{"name":"functions"},"function":{"name":"api"},"message":"[runtime-status] [7460] Ephemeral server survived."}}
[info] >  (node:7460) UnhandledPromiseRejectionWarning: Error: This value must be greater than or equal to 1. {"user":"(node:7460) UnhandledPromiseRejectionWarning: Error: This value must be greater than or equal to 1.","metadata":{"emulator":{"name":"functions"},"function":{"name":"api"},"message":"\u001b[90m> \u001b[39m (node:7460) UnhandledPromiseRejectionWarning: Error: This value must be greater than or equal to 1."}}
[info] >      at Function.generate (C:\Users\tpeddoju\Desktop\React-Apps\amazon-clone\functions\node_modules\stripe\lib\Error.js:40:16) {"user":"    at Function.generate (C:\\Users\\tpeddoju\\Desktop\\React-Apps\\amazon-clone\\functions\\node_modules\\stripe\\lib\\Error.js:40:16)","metadata":{"emulator":{"name":"functions"},"function":{"name":"api"},"message":"\u001b[90m> \u001b[39m     at Function.generate (C:\\Users\\tpeddoju\\Desktop\\React-Apps\\amazon-clone\\functions\\node_modules\\stripe\\lib\\Error.js:40:16)"}}
[info] >      at IncomingMessage.res.once (C:\Users\tpeddoju\Desktop\React-Apps\amazon-clone\functions\node_modules\stripe\lib\StripeResource.js:180:33) {"user":"    at IncomingMessage.res.once (C:\\Users\\tpeddoju\\Desktop\\React-Apps\\amazon-clone\\functions\\node_modules\\stripe\\lib\\StripeResource.js:180:33)","metadata":{"emulator":{"name":"functions"},"function":{"name":"api"},"message":"\u001b[90m> \u001b[39m     at IncomingMessage.res.once (C:\\Users\\tpeddoju\\Desktop\\React-Apps\\amazon-clone\\functions\\node_modules\\stripe\\lib\\StripeResource.js:180:33)"}}
[info] >      at Object.onceWrapper (events.js:286:20) {"user":"    at Object.onceWrapper (events.js:286:20)","metadata":{"emulator":{"name":"functions"},"function":{"name":"api"},"message":"\u001b[90m> \u001b[39m     at Object.onceWrapper (events.js:286:20)"}}
[info] >      at IncomingMessage.emit (events.js:203:15) {"user":"    at IncomingMessage.emit (events.js:203:15)","metadata":{"emulator":{"name":"functions"},"function":{"name":"api"},"message":"\u001b[90m> \u001b[39m     at IncomingMessage.emit (events.js:203:15)"}}
[info] >      at endReadableNT (_stream_readable.js:1145:12) {"user":"    at endReadableNT (_stream_readable.js:1145:12)","metadata":{"emulator":{"name":"functions"},"function":{"name":"api"},"message":"\u001b[90m> \u001b[39m     at endReadableNT (_stream_readable.js:1145:12)"}}
[info] >      at process._tickCallback (internal/process/next_tick.js:63:19) {"user":"    at process._tickCallback (internal/process/next_tick.js:63:19)","metadata":{"emulator":{"name":"functions"},"function":{"name":"api"},"message":"\u001b[90m> \u001b[39m     at process._tickCallback (internal/process/next_tick.js:63:19)"}}
[info] >  (node:7460) UnhandledPromiseRejectionWarning: Unhandled promise rejection. This error originated either by throwing inside of an async function without a catch block, or by rejecting a promise which was not handled with .catch(). (rejection id: 1) {"user":"(node:7460) UnhandledPromiseRejectionWarning: Unhandled promise rejection. This error originated either by throwing inside of an async function without a catch block, or by rejecting a promise which was not handled with .catch(). (rejection id: 1)","metadata":{"emulator":{"name":"functions"},"function":{"name":"api"},"message":"\u001b[90m> \u001b[39m (node:7460) UnhandledPromiseRejectionWarning: Unhandled promise rejection. This error originated either by throwing inside of an async function without a catch block, or by rejecting a promise which was not handled with .catch(). (rejection id: 1)"}}
[info] >  (node:7460) [DEP0018] DeprecationWarning: Unhandled promise rejections are deprecated. In the future, promise rejections that are not handled will terminate the Node.js process with a non-zero exit code. {"user":"(node:7460) [DEP0018] DeprecationWarning: Unhandled promise rejections are deprecated. In the future, promise rejections that are not handled will terminate the Node.js process with a non-zero exit code.","metadata":{"emulator":{"name":"functions"},"function":{"name":"api"},"message":"\u001b[90m> \u001b[39m (node:7460) [DEP0018] DeprecationWarning: Unhandled promise rejections are deprecated. In the future, promise rejections that are not handled will terminate the Node.js process with a non-zero exit code."}}
[warn] !  functions: Your function timed out after ~60s. To configure this timeout, see
      https://firebase.google.com/docs/functions/manage-functions#set_timeout_and_memory_allocation. {"metadata":{"emulator":{"name":"functions"},"function":{"name":"api"},"message":"Your function timed out after ~60s. To configure this timeout, see\n      https://firebase.google.com/docs/functions/manage-functions#set_timeout_and_memory_allocation."}}
[info] >  C:\Users\tpeddoju\AppData\Roaming\npm\node_modules\firebase-tools\lib\emulator\functionsEmulatorRuntime.js:640 {"user":"C:\\Users\\tpeddoju\\AppData\\Roaming\\npm\\node_modules\\firebase-tools\\lib\\emulator\\functionsEmulatorRuntime.js:640\r","metadata":{"emulator":{"name":"functions"},"function":{"name":"api"},"message":"\u001b[90m> \u001b[39m C:\\Users\\tpeddoju\\AppData\\Roaming\\npm\\node_modules\\firebase-tools\\lib\\emulator\\functionsEmulatorRuntime.js:640\r"}}
[info] >              throw new Error("Function timed out."); {"user":"            throw new Error(\"Function timed out.\");\r","metadata":{"emulator":{"name":"functions"},"function":{"name":"api"},"message":"\u001b[90m> \u001b[39m             throw new Error(\"Function timed out.\");\r"}}
[info] >              ^ {"user":"            ^\r","metadata":{"emulator":{"name":"functions"},"function":{"name":"api"},"message":"\u001b[90m> \u001b[39m             ^\r"}}
[info] >   {"user":"\r","metadata":{"emulator":{"name":"functions"},"function":{"name":"api"},"message":"\u001b[90m> \u001b[39m \r"}}
[info] >  Error: Function timed out. {"user":"Error: Function timed out.\r","metadata":{"emulator":{"name":"functions"},"function":{"name":"api"},"message":"\u001b[90m> \u001b[39m Error: Function timed out.\r"}}
[info] >      at Timeout.setTimeout [as _onTimeout] (C:\Users\tpeddoju\AppData\Roaming\npm\node_modules\firebase-tools\lib\emulator\functionsEmulatorRuntime.js:640:19) {"user":"    at Timeout.setTimeout [as _onTimeout] (C:\\Users\\tpeddoju\\AppData\\Roaming\\npm\\node_modules\\firebase-tools\\lib\\emulator\\functionsEmulatorRuntime.js:640:19)\r","metadata":{"emulator":{"name":"functions"},"function":{"name":"api"},"message":"\u001b[90m> \u001b[39m     at Timeout.setTimeout [as _onTimeout] (C:\\Users\\tpeddoju\\AppData\\Roaming\\npm\\node_modules\\firebase-tools\\lib\\emulator\\functionsEmulatorRuntime.js:640:19)\r"}}
[info] >      at ontimeout (timers.js:436:11) {"user":"    at ontimeout (timers.js:436:11)\r","metadata":{"emulator":{"name":"functions"},"function":{"name":"api"},"message":"\u001b[90m> \u001b[39m     at ontimeout (timers.js:436:11)\r"}}
[info] >      at tryOnTimeout (timers.js:300:5) {"user":"    at tryOnTimeout (timers.js:300:5)\r","metadata":{"emulator":{"name":"functions"},"function":{"name":"api"},"message":"\u001b[90m> \u001b[39m     at tryOnTimeout (timers.js:300:5)\r"}}
[info] >      at listOnTimeout (timers.js:263:5) {"user":"    at listOnTimeout (timers.js:263:5)\r","metadata":{"emulator":{"name":"functions"},"function":{"name":"api"},"message":"\u001b[90m> \u001b[39m     at listOnTimeout (timers.js:263:5)\r"}}
[info] >      at Timer.processTimers (timers.js:223:10) {"user":"    at Timer.processTimers (timers.js:223:10)\r","metadata":{"emulator":{"name":"functions"},"function":{"name":"api"},"message":"\u001b[90m> \u001b[39m     at Timer.processTimers (timers.js:223:10)\r"}}
[debug] [2021-01-18T15:24:41.410Z] [worker-api-da4c95b1-5108-4846-9b96-4d4fed0accfd]: exited {"metadata":{"emulator":{"name":"functions"},"message":"[worker-api-da4c95b1-5108-4846-9b96-4d4fed0accfd]: exited"}}
[debug] [2021-01-18T15:24:41.410Z] [worker-api-da4c95b1-5108-4846-9b96-4d4fed0accfd]: FINISHED {"metadata":{"emulator":{"name":"functions"},"message":"[worker-api-da4c95b1-5108-4846-9b96-4d4fed0accfd]: FINISHED"}}
[debug] [2021-01-18T15:24:41.414Z] [work-queue] {"queueLength":0,"workRunningCount":0}
[debug] [2021-01-18T16:20:33.048Z] [worker-~diagnostic~-56dc6324-e491-491d-a538-84b036372f99]: exited {"metadata":{"emulator":{"name":"functions"},"message":"[worker-~diagnostic~-56dc6324-e491-491d-a538-84b036372f99]: exited"}}
